{"src/contracts/IGovernorINN.sol":{"l":{},"path":"/home/sina/Workspace/InnToken/project/Governance/InnTokenGovernance/src/contracts/IGovernorINN.sol","s":{},"b":{},"f":{},"fnMap":{},"statementMap":{},"branchMap":{}},"src/contracts/IGovernorINNImpl.sol":{"l":{"79":4,"83":4,"87":6,"88":6,"106":17,"107":17,"109":17,"110":17,"111":17,"112":17,"113":17,"114":17,"115":17,"116":17,"117":17,"119":17,"120":17,"124":0,"125":0,"126":0,"131":4,"135":1,"146":4,"157":4,"162":4,"166":4,"170":1,"174":4,"175":4,"176":4,"177":4,"179":4,"180":3,"183":1,"186":4,"187":4,"188":4,"189":4,"191":4,"192":0,"195":4,"197":4,"214":4,"215":4,"216":4,"217":4,"218":4,"219":4,"220":4,"221":4,"222":4,"223":4,"224":4,"225":4,"227":4,"229":4,"233":4,"234":3,"235":3,"238":3,"239":3,"240":3,"249":3,"259":1,"260":1,"262":1,"263":1,"264":1,"265":1,"266":1,"268":1,"279":0,"281":0,"282":0,"283":0,"284":0,"285":0,"287":0,"298":0,"300":0,"302":0,"310":0,"312":0,"314":0,"336":6,"344":2,"345":1,"346":1,"347":1,"349":1,"350":1,"351":1,"353":1,"354":1,"355":1,"356":1,"371":6,"372":6,"374":6,"375":6,"377":6,"379":6,"380":0,"382":6,"384":0,"387":6,"388":6,"392":6,"393":6,"397":21,"398":21,"406":15,"407":15,"409":15,"410":0,"412":0,"414":0,"416":9,"418":6,"421":0,"428":0,"435":2,"442":2,"446":1,"450":0,"454":0,"458":0,"459":0,"461":0,"462":0,"463":0,"465":0,"467":0,"472":3,"473":3,"475":3,"476":3,"477":3,"482":3,"483":3,"485":3,"492":4,"493":4,"494":3,"495":3,"496":3,"497":3,"498":3,"501":1,"502":1,"505":1,"508":1,"511":1,"514":1,"515":1,"516":1,"519":0,"522":0,"525":0,"528":0,"531":0,"533":0,"534":0,"536":0,"537":0,"541":4,"545":1,"546":1,"547":1,"549":1,"550":1,"552":3,"554":1,"558":6,"559":6,"560":6,"561":6,"562":6,"566":0,"567":0,"568":0,"569":0,"573":0,"574":0,"575":0,"576":0,"580":0,"581":0,"582":0,"583":0},"path":"/home/sina/Workspace/InnToken/project/Governance/InnTokenGovernance/src/contracts/IGovernorINNImpl.sol","s":{"1":4,"2":6,"3":17,"4":17,"5":17,"6":17,"7":17,"8":17,"9":17,"10":17,"11":17,"12":17,"13":17,"14":17,"15":17,"16":0,"17":0,"18":0,"19":4,"20":1,"21":4,"22":4,"23":4,"24":4,"25":1,"26":4,"27":4,"28":4,"29":4,"30":4,"31":3,"32":1,"33":4,"34":4,"35":4,"36":4,"37":4,"38":4,"39":4,"40":4,"41":4,"42":4,"43":4,"44":4,"45":4,"46":4,"47":4,"48":4,"49":4,"50":4,"51":4,"52":4,"53":4,"54":4,"55":3,"56":3,"57":3,"58":3,"59":3,"60":3,"61":1,"62":1,"63":1,"64":1,"65":1,"66":1,"67":1,"68":1,"69":1,"70":0,"71":0,"72":0,"73":0,"74":0,"75":0,"76":0,"77":0,"78":0,"79":0,"80":0,"81":0,"82":0,"83":0,"84":0,"85":0,"86":0,"87":6,"88":2,"89":1,"90":1,"91":1,"92":1,"93":1,"94":1,"95":1,"96":1,"97":1,"98":1,"99":1,"100":6,"101":6,"102":6,"103":6,"104":6,"105":6,"106":0,"107":6,"108":6,"109":0,"110":0,"111":6,"112":6,"113":6,"114":6,"115":21,"116":21,"117":15,"118":15,"119":15,"120":0,"121":15,"122":0,"123":15,"124":0,"125":15,"126":9,"127":6,"128":6,"129":0,"130":0,"131":2,"132":2,"133":1,"134":0,"135":0,"136":0,"137":0,"138":0,"139":0,"140":0,"141":0,"142":0,"143":3,"144":3,"145":3,"146":3,"147":3,"148":3,"149":3,"150":3,"151":3,"152":4,"153":4,"154":3,"155":3,"156":3,"157":3,"158":3,"159":1,"160":1,"161":1,"162":1,"163":1,"164":1,"165":1,"166":1,"167":1,"168":0,"169":0,"170":0,"171":0,"172":0,"173":0,"174":0,"175":0,"176":0,"177":0,"178":0,"179":0,"180":4,"181":1,"182":1,"183":1,"184":1,"185":1,"186":3,"187":1,"188":6,"189":6,"190":6,"191":6,"192":6,"193":0,"194":0,"195":0,"196":0,"197":0,"198":0,"199":0,"200":0,"201":0,"202":0,"203":0,"204":0},"b":{"1":[4,0],"2":[6,0],"3":[0,0],"4":[4,0],"5":[4,0],"6":[4,0],"7":[4,0],"8":[3,1],"9":[3,0],"10":[1,0],"11":[0,4],"12":[4,0],"13":[3,1],"14":[3,0],"15":[3,0],"16":[3,0],"17":[3,0],"18":[1,0],"19":[1,0],"20":[1,0],"21":[1,0],"22":[1,0],"23":[1,0],"24":[1,0],"25":[0,0],"26":[0,0],"27":[0,0],"28":[0,0],"29":[0,0],"30":[0,0],"31":[0,0],"32":[0,0],"33":[0,0],"34":[0,0],"35":[0,0],"36":[1,1],"37":[1,0],"38":[6,0],"39":[6,0],"40":[6,0],"41":[0,6],"42":[6,0],"43":[0,0],"44":[15,0],"45":[0,15],"46":[0,15],"47":[0,15],"48":[9,6],"49":[6,0],"50":[0,0],"51":[0,0],"52":[0,0],"53":[3,0],"54":[3,0],"55":[3,1],"56":[3,0],"57":[1,0],"58":[1,0],"59":[0,0],"60":[0,0],"61":[0,0],"62":[6,0],"63":[0,0],"64":[0,0],"65":[0,0]},"f":{"1":4,"2":6,"3":17,"4":0,"5":4,"6":1,"7":4,"8":4,"9":4,"10":4,"11":1,"12":4,"13":4,"14":6,"15":2,"16":6,"17":6,"18":21,"19":15,"20":0,"21":2,"22":2,"23":1,"24":0,"25":0,"26":0,"27":3,"28":4,"29":1,"30":6,"31":0,"32":0,"33":0},"fnMap":{"1":{"name":"onlyValidatorsOrAdmin","line":78,"loc":{"start":{"line":78,"column":4},"end":{"line":84,"column":4}}},"2":{"name":"onlyValidators","line":86,"loc":{"start":{"line":86,"column":5},"end":{"line":89,"column":4}}},"3":{"name":"initialize","line":105,"loc":{"start":{"line":97,"column":4},"end":{"line":121,"column":4}}},"4":{"name":"disableValidator","line":123,"loc":{"start":{"line":123,"column":4},"end":{"line":127,"column":4}}},"5":{"name":"isValidator","line":130,"loc":{"start":{"line":130,"column":4},"end":{"line":132,"column":4}}},"6":{"name":"isStartup","line":134,"loc":{"start":{"line":134,"column":4},"end":{"line":136,"column":4}}},"7":{"name":"hashProposal","line":138,"loc":{"start":{"line":138,"column":4},"end":{"line":147,"column":4}}},"8":{"name":"_getMessageHash","line":149,"loc":{"start":{"line":149,"column":4},"end":{"line":159,"column":4}}},"9":{"name":"_hashTypedDataV4","line":161,"loc":{"start":{"line":161,"column":5},"end":{"line":163,"column":4}}},"10":{"name":"_domainSeparatorV4","line":165,"loc":{"start":{"line":165,"column":5},"end":{"line":167,"column":4}}},"11":{"name":"_authorizeUpgrade","line":169,"loc":{"start":{"line":169,"column":4},"end":{"line":171,"column":4}}},"12":{"name":"propose","line":173,"loc":{"start":{"line":173,"column":4},"end":{"line":230,"column":4}}},"13":{"name":"_generateProposalCreationEvent","line":232,"loc":{"start":{"line":232,"column":4},"end":{"line":325,"column":4}}},"14":{"name":"castVote","line":335,"loc":{"start":{"line":331,"column":4},"end":{"line":337,"column":4}}},"15":{"name":"castVoteAdmin","line":343,"loc":{"start":{"line":343,"column":4},"end":{"line":357,"column":4}}},"16":{"name":"_castVote","line":365,"loc":{"start":{"line":365,"column":4},"end":{"line":389,"column":4}}},"17":{"name":"_quorumReached","line":391,"loc":{"start":{"line":391,"column":4},"end":{"line":394,"column":4}}},"18":{"name":"_fullQuorum","line":396,"loc":{"start":{"line":396,"column":4},"end":{"line":399,"column":4}}},"19":{"name":"state","line":405,"loc":{"start":{"line":405,"column":4},"end":{"line":422,"column":4}}},"20":{"name":"hasVoted","line":427,"loc":{"start":{"line":427,"column":4},"end":{"line":429,"column":4}}},"21":{"name":"name","line":434,"loc":{"start":{"line":434,"column":4},"end":{"line":436,"column":4}}},"22":{"name":"version","line":441,"loc":{"start":{"line":441,"column":4},"end":{"line":443,"column":4}}},"23":{"name":"setMigration","line":445,"loc":{"start":{"line":445,"column":4},"end":{"line":447,"column":4}}},"24":{"name":"setVotingDelay","line":449,"loc":{"start":{"line":449,"column":4},"end":{"line":451,"column":4}}},"25":{"name":"setVotingPeriod","line":453,"loc":{"start":{"line":453,"column":4},"end":{"line":455,"column":4}}},"26":{"name":"cancel","line":457,"loc":{"start":{"line":457,"column":4},"end":{"line":468,"column":4}}},"27":{"name":"execute","line":470,"loc":{"start":{"line":470,"column":4},"end":{"line":486,"column":4}}},"28":{"name":"_execute","line":491,"loc":{"start":{"line":491,"column":4},"end":{"line":542,"column":4}}},"29":{"name":"_sendRewards","line":544,"loc":{"start":{"line":544,"column":4},"end":{"line":555,"column":4}}},"30":{"name":"_transferToken","line":557,"loc":{"start":{"line":557,"column":4},"end":{"line":563,"column":4}}},"31":{"name":"_freezeAccount","line":565,"loc":{"start":{"line":565,"column":4},"end":{"line":570,"column":4}}},"32":{"name":"_unfreezeAccount","line":572,"loc":{"start":{"line":572,"column":4},"end":{"line":577,"column":4}}},"33":{"name":"_transferCommission","line":579,"loc":{"start":{"line":579,"column":4},"end":{"line":584,"column":4}}}},"statementMap":{"1":{"start":{"line":79,"column":8},"end":{"line":79,"column":2970}},"2":{"start":{"line":87,"column":8},"end":{"line":87,"column":151}},"3":{"start":{"line":106,"column":8},"end":{"line":106,"column":39}},"4":{"start":{"line":107,"column":8},"end":{"line":107,"column":35}},"5":{"start":{"line":109,"column":8},"end":{"line":109,"column":25}},"6":{"start":{"line":110,"column":8},"end":{"line":110,"column":23}},"7":{"start":{"line":111,"column":8},"end":{"line":111,"column":38}},"8":{"start":{"line":112,"column":8},"end":{"line":112,"column":30}},"9":{"start":{"line":113,"column":8},"end":{"line":113,"column":28}},"10":{"start":{"line":114,"column":8},"end":{"line":114,"column":31}},"11":{"start":{"line":115,"column":8},"end":{"line":115,"column":37}},"12":{"start":{"line":116,"column":8},"end":{"line":116,"column":32}},"13":{"start":{"line":117,"column":8},"end":{"line":117,"column":30}},"14":{"start":{"line":119,"column":8},"end":{"line":119,"column":43}},"15":{"start":{"line":120,"column":8},"end":{"line":120,"column":44}},"16":{"start":{"line":124,"column":8},"end":{"line":124,"column":158}},"17":{"start":{"line":125,"column":8},"end":{"line":125,"column":45}},"18":{"start":{"line":126,"column":8},"end":{"line":126,"column":26}},"19":{"start":{"line":131,"column":8},"end":{"line":131,"column":88}},"20":{"start":{"line":135,"column":8},"end":{"line":135,"column":86}},"21":{"start":{"line":146,"column":8},"end":{"line":146,"column":107}},"22":{"start":{"line":157,"column":8},"end":{"line":157,"column":5801}},"23":{"start":{"line":162,"column":8},"end":{"line":162,"column":81}},"24":{"start":{"line":166,"column":8},"end":{"line":166,"column":165}},"25":{"start":{"line":170,"column":8},"end":{"line":170,"column":45}},"26":{"start":{"line":174,"column":8},"end":{"line":174,"column":93}},"27":{"start":{"line":175,"column":8},"end":{"line":175,"column":87}},"28":{"start":{"line":176,"column":8},"end":{"line":176,"column":68}},"29":{"start":{"line":177,"column":8},"end":{"line":177,"column":67}},"30":{"start":{"line":179,"column":8},"end":{"line":179,"column":6938}},"31":{"start":{"line":180,"column":12},"end":{"line":180,"column":98}},"32":{"start":{"line":183,"column":12},"end":{"line":183,"column":105}},"33":{"start":{"line":186,"column":8},"end":{"line":186,"column":82}},"34":{"start":{"line":187,"column":8},"end":{"line":187,"column":151}},"35":{"start":{"line":188,"column":8},"end":{"line":188,"column":56}},"36":{"start":{"line":189,"column":8},"end":{"line":189,"column":121}},"37":{"start":{"line":191,"column":8},"end":{"line":191,"column":7651}},"38":{"start":{"line":195,"column":8},"end":{"line":195,"column":90}},"39":{"start":{"line":197,"column":8},"end":{"line":197,"column":7879}},"40":{"start":{"line":214,"column":8},"end":{"line":214,"column":62}},"41":{"start":{"line":215,"column":8},"end":{"line":215,"column":39}},"42":{"start":{"line":216,"column":8},"end":{"line":216,"column":81}},"43":{"start":{"line":217,"column":8},"end":{"line":217,"column":80}},"44":{"start":{"line":218,"column":8},"end":{"line":218,"column":57}},"45":{"start":{"line":219,"column":8},"end":{"line":219,"column":53}},"46":{"start":{"line":220,"column":8},"end":{"line":220,"column":49}},"47":{"start":{"line":221,"column":8},"end":{"line":221,"column":47}},"48":{"start":{"line":222,"column":8},"end":{"line":222,"column":39}},"49":{"start":{"line":223,"column":8},"end":{"line":223,"column":51}},"50":{"start":{"line":224,"column":8},"end":{"line":224,"column":47}},"51":{"start":{"line":225,"column":8},"end":{"line":225,"column":35}},"52":{"start":{"line":227,"column":8},"end":{"line":227,"column":47}},"53":{"start":{"line":229,"column":8},"end":{"line":229,"column":25}},"54":{"start":{"line":233,"column":8},"end":{"line":233,"column":9270}},"55":{"start":{"line":234,"column":12},"end":{"line":234,"column":9341}},"56":{"start":{"line":235,"column":16},"end":{"line":235,"column":110}},"57":{"start":{"line":238,"column":16},"end":{"line":238,"column":103}},"58":{"start":{"line":239,"column":16},"end":{"line":239,"column":107}},"59":{"start":{"line":240,"column":16},"end":{"line":240,"column":115}},"60":{"start":{"line":249,"column":16},"end":{"line":249,"column":10463}},"61":{"start":{"line":258,"column":15},"end":{"line":258,"column":10797}},"62":{"start":{"line":259,"column":12},"end":{"line":259,"column":10869}},"63":{"start":{"line":260,"column":16},"end":{"line":260,"column":111}},"64":{"start":{"line":262,"column":16},"end":{"line":262,"column":104}},"65":{"start":{"line":263,"column":16},"end":{"line":263,"column":95}},"66":{"start":{"line":264,"column":16},"end":{"line":264,"column":97}},"67":{"start":{"line":265,"column":16},"end":{"line":265,"column":96}},"68":{"start":{"line":266,"column":16},"end":{"line":266,"column":112}},"69":{"start":{"line":268,"column":16},"end":{"line":268,"column":11569}},"70":{"start":{"line":278,"column":19},"end":{"line":278,"column":11989}},"71":{"start":{"line":279,"column":16},"end":{"line":279,"column":114}},"72":{"start":{"line":281,"column":16},"end":{"line":281,"column":105}},"73":{"start":{"line":282,"column":16},"end":{"line":282,"column":96}},"74":{"start":{"line":283,"column":16},"end":{"line":283,"column":98}},"75":{"start":{"line":284,"column":16},"end":{"line":284,"column":101}},"76":{"start":{"line":285,"column":16},"end":{"line":285,"column":122}},"77":{"start":{"line":287,"column":16},"end":{"line":287,"column":12711}},"78":{"start":{"line":297,"column":19},"end":{"line":297,"column":13138}},"79":{"start":{"line":298,"column":16},"end":{"line":298,"column":120}},"80":{"start":{"line":300,"column":16},"end":{"line":300,"column":100}},"81":{"start":{"line":302,"column":16},"end":{"line":302,"column":13434}},"82":{"start":{"line":309,"column":19},"end":{"line":309,"column":13717}},"83":{"start":{"line":310,"column":16},"end":{"line":310,"column":126}},"84":{"start":{"line":312,"column":16},"end":{"line":312,"column":104}},"85":{"start":{"line":314,"column":16},"end":{"line":314,"column":14025}},"86":{"start":{"line":322,"column":15},"end":{"line":322,"column":14318}},"87":{"start":{"line":336,"column":8},"end":{"line":336,"column":64}},"88":{"start":{"line":344,"column":8},"end":{"line":344,"column":67}},"89":{"start":{"line":345,"column":8},"end":{"line":345,"column":70}},"90":{"start":{"line":346,"column":8},"end":{"line":346,"column":46}},"91":{"start":{"line":347,"column":8},"end":{"line":347,"column":65}},"92":{"start":{"line":349,"column":8},"end":{"line":349,"column":62}},"93":{"start":{"line":350,"column":8},"end":{"line":350,"column":33}},"94":{"start":{"line":351,"column":8},"end":{"line":351,"column":29}},"95":{"start":{"line":353,"column":8},"end":{"line":353,"column":37}},"96":{"start":{"line":354,"column":8},"end":{"line":354,"column":56}},"97":{"start":{"line":354,"column":23},"end":{"line":354,"column":56}},"98":{"start":{"line":355,"column":8},"end":{"line":355,"column":31}},"99":{"start":{"line":356,"column":8},"end":{"line":356,"column":24}},"100":{"start":{"line":371,"column":8},"end":{"line":371,"column":63}},"101":{"start":{"line":372,"column":8},"end":{"line":372,"column":98}},"102":{"start":{"line":374,"column":8},"end":{"line":374,"column":70}},"103":{"start":{"line":375,"column":8},"end":{"line":375,"column":85}},"104":{"start":{"line":377,"column":8},"end":{"line":377,"column":39}},"105":{"start":{"line":379,"column":8},"end":{"line":379,"column":16273}},"106":{"start":{"line":380,"column":12},"end":{"line":380,"column":41}},"107":{"start":{"line":381,"column":15},"end":{"line":381,"column":16364}},"108":{"start":{"line":382,"column":12},"end":{"line":382,"column":37}},"109":{"start":{"line":383,"column":15},"end":{"line":383,"column":16447}},"110":{"start":{"line":384,"column":12},"end":{"line":384,"column":41}},"111":{"start":{"line":387,"column":8},"end":{"line":387,"column":54}},"112":{"start":{"line":388,"column":8},"end":{"line":388,"column":19}},"113":{"start":{"line":392,"column":8},"end":{"line":392,"column":70}},"114":{"start":{"line":393,"column":8},"end":{"line":393,"column":62}},"115":{"start":{"line":397,"column":8},"end":{"line":397,"column":70}},"116":{"start":{"line":398,"column":8},"end":{"line":398,"column":112}},"117":{"start":{"line":406,"column":8},"end":{"line":406,"column":62}},"118":{"start":{"line":407,"column":8},"end":{"line":407,"column":65}},"119":{"start":{"line":409,"column":8},"end":{"line":409,"column":17427}},"120":{"start":{"line":410,"column":12},"end":{"line":410,"column":41}},"121":{"start":{"line":411,"column":15},"end":{"line":411,"column":17512}},"122":{"start":{"line":412,"column":12},"end":{"line":412,"column":41}},"123":{"start":{"line":413,"column":15},"end":{"line":413,"column":17597}},"124":{"start":{"line":414,"column":12},"end":{"line":414,"column":40}},"125":{"start":{"line":415,"column":15},"end":{"line":415,"column":17696}},"126":{"start":{"line":416,"column":12},"end":{"line":416,"column":39}},"127":{"start":{"line":417,"column":15},"end":{"line":417,"column":17820}},"128":{"start":{"line":418,"column":12},"end":{"line":418,"column":96}},"129":{"start":{"line":421,"column":8},"end":{"line":421,"column":33}},"130":{"start":{"line":428,"column":8},"end":{"line":428,"column":68}},"131":{"start":{"line":435,"column":8},"end":{"line":435,"column":26}},"132":{"start":{"line":442,"column":8},"end":{"line":442,"column":29}},"133":{"start":{"line":446,"column":8},"end":{"line":446,"column":37}},"134":{"start":{"line":450,"column":8},"end":{"line":450,"column":26}},"135":{"start":{"line":454,"column":8},"end":{"line":454,"column":28}},"136":{"start":{"line":458,"column":8},"end":{"line":458,"column":100}},"137":{"start":{"line":459,"column":8},"end":{"line":459,"column":48}},"138":{"start":{"line":461,"column":8},"end":{"line":461,"column":116}},"139":{"start":{"line":462,"column":8},"end":{"line":462,"column":87}},"140":{"start":{"line":463,"column":8},"end":{"line":463,"column":47}},"141":{"start":{"line":465,"column":8},"end":{"line":465,"column":49}},"142":{"start":{"line":467,"column":8},"end":{"line":467,"column":19}},"143":{"start":{"line":472,"column":8},"end":{"line":472,"column":48}},"144":{"start":{"line":473,"column":8},"end":{"line":473,"column":86}},"145":{"start":{"line":475,"column":8},"end":{"line":475,"column":62}},"146":{"start":{"line":476,"column":8},"end":{"line":476,"column":33}},"147":{"start":{"line":477,"column":8},"end":{"line":477,"column":29}},"148":{"start":{"line":482,"column":8},"end":{"line":482,"column":37}},"149":{"start":{"line":483,"column":8},"end":{"line":483,"column":56}},"150":{"start":{"line":483,"column":23},"end":{"line":483,"column":56}},"151":{"start":{"line":485,"column":8},"end":{"line":485,"column":24}},"152":{"start":{"line":492,"column":8},"end":{"line":492,"column":27}},"153":{"start":{"line":493,"column":8},"end":{"line":493,"column":20616}},"154":{"start":{"line":494,"column":12},"end":{"line":494,"column":20687}},"155":{"start":{"line":495,"column":16},"end":{"line":495,"column":108}},"156":{"start":{"line":496,"column":16},"end":{"line":496,"column":120}},"157":{"start":{"line":497,"column":16},"end":{"line":497,"column":34}},"158":{"start":{"line":498,"column":16},"end":{"line":498,"column":29}},"159":{"start":{"line":500,"column":15},"end":{"line":500,"column":21059}},"160":{"start":{"line":501,"column":12},"end":{"line":501,"column":21154}},"161":{"start":{"line":502,"column":16},"end":{"line":502,"column":111}},"162":{"start":{"line":505,"column":16},"end":{"line":505,"column":104}},"163":{"start":{"line":508,"column":16},"end":{"line":508,"column":108}},"164":{"start":{"line":511,"column":16},"end":{"line":511,"column":105}},"165":{"start":{"line":514,"column":16},"end":{"line":514,"column":97}},"166":{"start":{"line":515,"column":16},"end":{"line":515,"column":116}},"167":{"start":{"line":516,"column":16},"end":{"line":516,"column":31}},"168":{"start":{"line":518,"column":19},"end":{"line":518,"column":22184}},"169":{"start":{"line":519,"column":16},"end":{"line":519,"column":114}},"170":{"start":{"line":522,"column":16},"end":{"line":522,"column":108}},"171":{"start":{"line":525,"column":16},"end":{"line":525,"column":109}},"172":{"start":{"line":528,"column":16},"end":{"line":528,"column":106}},"173":{"start":{"line":531,"column":16},"end":{"line":531,"column":98}},"174":{"start":{"line":532,"column":19},"end":{"line":532,"column":23078}},"175":{"start":{"line":533,"column":16},"end":{"line":533,"column":120}},"176":{"start":{"line":534,"column":16},"end":{"line":534,"column":65}},"177":{"start":{"line":535,"column":19},"end":{"line":535,"column":23335}},"178":{"start":{"line":536,"column":16},"end":{"line":536,"column":126}},"179":{"start":{"line":537,"column":16},"end":{"line":537,"column":69}},"180":{"start":{"line":541,"column":8},"end":{"line":541,"column":22}},"181":{"start":{"line":545,"column":8},"end":{"line":545,"column":70}},"182":{"start":{"line":546,"column":8},"end":{"line":546,"column":60}},"183":{"start":{"line":547,"column":8},"end":{"line":547,"column":63}},"184":{"start":{"line":549,"column":8},"end":{"line":549,"column":27}},"185":{"start":{"line":550,"column":8},"end":{"line":550,"column":24046}},"186":{"start":{"line":552,"column":12},"end":{"line":552,"column":85}},"187":{"start":{"line":554,"column":8},"end":{"line":554,"column":22}},"188":{"start":{"line":558,"column":8},"end":{"line":558,"column":108}},"189":{"start":{"line":559,"column":8},"end":{"line":559,"column":110}},"190":{"start":{"line":560,"column":8},"end":{"line":560,"column":66}},"191":{"start":{"line":561,"column":8},"end":{"line":561,"column":53}},"192":{"start":{"line":562,"column":8},"end":{"line":562,"column":22}},"193":{"start":{"line":566,"column":8},"end":{"line":566,"column":104}},"194":{"start":{"line":567,"column":8},"end":{"line":567,"column":75}},"195":{"start":{"line":568,"column":8},"end":{"line":568,"column":57}},"196":{"start":{"line":569,"column":8},"end":{"line":569,"column":22}},"197":{"start":{"line":573,"column":8},"end":{"line":573,"column":110}},"198":{"start":{"line":574,"column":8},"end":{"line":574,"column":77}},"199":{"start":{"line":575,"column":8},"end":{"line":575,"column":59}},"200":{"start":{"line":576,"column":8},"end":{"line":576,"column":22}},"201":{"start":{"line":580,"column":8},"end":{"line":580,"column":134}},"202":{"start":{"line":581,"column":8},"end":{"line":581,"column":90}},"203":{"start":{"line":582,"column":8},"end":{"line":582,"column":63}},"204":{"start":{"line":583,"column":8},"end":{"line":583,"column":22}}},"branchMap":{"1":{"line":79,"type":"if","locations":[{"start":{"line":79,"column":8},"end":{"line":79,"column":8}},{"start":{"line":79,"column":8},"end":{"line":79,"column":8}}]},"2":{"line":87,"type":"if","locations":[{"start":{"line":87,"column":8},"end":{"line":87,"column":8}},{"start":{"line":87,"column":8},"end":{"line":87,"column":8}}]},"3":{"line":124,"type":"if","locations":[{"start":{"line":124,"column":8},"end":{"line":124,"column":8}},{"start":{"line":124,"column":8},"end":{"line":124,"column":8}}]},"4":{"line":174,"type":"if","locations":[{"start":{"line":174,"column":8},"end":{"line":174,"column":8}},{"start":{"line":174,"column":8},"end":{"line":174,"column":8}}]},"5":{"line":175,"type":"if","locations":[{"start":{"line":175,"column":8},"end":{"line":175,"column":8}},{"start":{"line":175,"column":8},"end":{"line":175,"column":8}}]},"6":{"line":176,"type":"if","locations":[{"start":{"line":176,"column":8},"end":{"line":176,"column":8}},{"start":{"line":176,"column":8},"end":{"line":176,"column":8}}]},"7":{"line":177,"type":"if","locations":[{"start":{"line":177,"column":8},"end":{"line":177,"column":8}},{"start":{"line":177,"column":8},"end":{"line":177,"column":8}}]},"8":{"line":179,"type":"if","locations":[{"start":{"line":179,"column":8},"end":{"line":179,"column":8}},{"start":{"line":179,"column":8},"end":{"line":179,"column":8}}]},"9":{"line":180,"type":"if","locations":[{"start":{"line":180,"column":12},"end":{"line":180,"column":12}},{"start":{"line":180,"column":12},"end":{"line":180,"column":12}}]},"10":{"line":183,"type":"if","locations":[{"start":{"line":183,"column":12},"end":{"line":183,"column":12}},{"start":{"line":183,"column":12},"end":{"line":183,"column":12}}]},"11":{"line":191,"type":"if","locations":[{"start":{"line":191,"column":8},"end":{"line":191,"column":8}},{"start":{"line":191,"column":8},"end":{"line":191,"column":8}}]},"12":{"line":195,"type":"if","locations":[{"start":{"line":195,"column":8},"end":{"line":195,"column":8}},{"start":{"line":195,"column":8},"end":{"line":195,"column":8}}]},"13":{"line":233,"type":"if","locations":[{"start":{"line":233,"column":8},"end":{"line":233,"column":8}},{"start":{"line":233,"column":8},"end":{"line":233,"column":8}}]},"14":{"line":234,"type":"if","locations":[{"start":{"line":234,"column":12},"end":{"line":234,"column":12}},{"start":{"line":234,"column":12},"end":{"line":234,"column":12}}]},"15":{"line":238,"type":"if","locations":[{"start":{"line":238,"column":16},"end":{"line":238,"column":16}},{"start":{"line":238,"column":16},"end":{"line":238,"column":16}}]},"16":{"line":239,"type":"if","locations":[{"start":{"line":239,"column":16},"end":{"line":239,"column":16}},{"start":{"line":239,"column":16},"end":{"line":239,"column":16}}]},"17":{"line":240,"type":"if","locations":[{"start":{"line":240,"column":16},"end":{"line":240,"column":16}},{"start":{"line":240,"column":16},"end":{"line":240,"column":16}}]},"18":{"line":258,"type":"if","locations":[{"start":{"line":258,"column":15},"end":{"line":258,"column":15}},{"start":{"line":258,"column":15},"end":{"line":258,"column":15}}]},"19":{"line":259,"type":"if","locations":[{"start":{"line":259,"column":12},"end":{"line":259,"column":12}},{"start":{"line":259,"column":12},"end":{"line":259,"column":12}}]},"20":{"line":262,"type":"if","locations":[{"start":{"line":262,"column":16},"end":{"line":262,"column":16}},{"start":{"line":262,"column":16},"end":{"line":262,"column":16}}]},"21":{"line":263,"type":"if","locations":[{"start":{"line":263,"column":16},"end":{"line":263,"column":16}},{"start":{"line":263,"column":16},"end":{"line":263,"column":16}}]},"22":{"line":264,"type":"if","locations":[{"start":{"line":264,"column":16},"end":{"line":264,"column":16}},{"start":{"line":264,"column":16},"end":{"line":264,"column":16}}]},"23":{"line":265,"type":"if","locations":[{"start":{"line":265,"column":16},"end":{"line":265,"column":16}},{"start":{"line":265,"column":16},"end":{"line":265,"column":16}}]},"24":{"line":266,"type":"if","locations":[{"start":{"line":266,"column":16},"end":{"line":266,"column":16}},{"start":{"line":266,"column":16},"end":{"line":266,"column":16}}]},"25":{"line":278,"type":"if","locations":[{"start":{"line":278,"column":19},"end":{"line":278,"column":19}},{"start":{"line":278,"column":19},"end":{"line":278,"column":19}}]},"26":{"line":281,"type":"if","locations":[{"start":{"line":281,"column":16},"end":{"line":281,"column":16}},{"start":{"line":281,"column":16},"end":{"line":281,"column":16}}]},"27":{"line":282,"type":"if","locations":[{"start":{"line":282,"column":16},"end":{"line":282,"column":16}},{"start":{"line":282,"column":16},"end":{"line":282,"column":16}}]},"28":{"line":283,"type":"if","locations":[{"start":{"line":283,"column":16},"end":{"line":283,"column":16}},{"start":{"line":283,"column":16},"end":{"line":283,"column":16}}]},"29":{"line":284,"type":"if","locations":[{"start":{"line":284,"column":16},"end":{"line":284,"column":16}},{"start":{"line":284,"column":16},"end":{"line":284,"column":16}}]},"30":{"line":285,"type":"if","locations":[{"start":{"line":285,"column":16},"end":{"line":285,"column":16}},{"start":{"line":285,"column":16},"end":{"line":285,"column":16}}]},"31":{"line":297,"type":"if","locations":[{"start":{"line":297,"column":19},"end":{"line":297,"column":19}},{"start":{"line":297,"column":19},"end":{"line":297,"column":19}}]},"32":{"line":300,"type":"if","locations":[{"start":{"line":300,"column":16},"end":{"line":300,"column":16}},{"start":{"line":300,"column":16},"end":{"line":300,"column":16}}]},"33":{"line":309,"type":"if","locations":[{"start":{"line":309,"column":19},"end":{"line":309,"column":19}},{"start":{"line":309,"column":19},"end":{"line":309,"column":19}}]},"34":{"line":312,"type":"if","locations":[{"start":{"line":312,"column":16},"end":{"line":312,"column":16}},{"start":{"line":312,"column":16},"end":{"line":312,"column":16}}]},"35":{"line":322,"type":"if","locations":[{"start":{"line":322,"column":15},"end":{"line":322,"column":15}},{"start":{"line":322,"column":15},"end":{"line":322,"column":15}}]},"36":{"line":344,"type":"if","locations":[{"start":{"line":344,"column":8},"end":{"line":344,"column":8}},{"start":{"line":344,"column":8},"end":{"line":344,"column":8}}]},"37":{"line":354,"type":"if","locations":[{"start":{"line":354,"column":8},"end":{"line":354,"column":8}},{"start":{"line":354,"column":8},"end":{"line":354,"column":8}}]},"38":{"line":371,"type":"if","locations":[{"start":{"line":371,"column":8},"end":{"line":371,"column":8}},{"start":{"line":371,"column":8},"end":{"line":371,"column":8}}]},"39":{"line":372,"type":"if","locations":[{"start":{"line":372,"column":8},"end":{"line":372,"column":8}},{"start":{"line":372,"column":8},"end":{"line":372,"column":8}}]},"40":{"line":375,"type":"if","locations":[{"start":{"line":375,"column":8},"end":{"line":375,"column":8}},{"start":{"line":375,"column":8},"end":{"line":375,"column":8}}]},"41":{"line":379,"type":"if","locations":[{"start":{"line":379,"column":8},"end":{"line":379,"column":8}},{"start":{"line":379,"column":8},"end":{"line":379,"column":8}}]},"42":{"line":381,"type":"if","locations":[{"start":{"line":381,"column":15},"end":{"line":381,"column":15}},{"start":{"line":381,"column":15},"end":{"line":381,"column":15}}]},"43":{"line":383,"type":"if","locations":[{"start":{"line":383,"column":15},"end":{"line":383,"column":15}},{"start":{"line":383,"column":15},"end":{"line":383,"column":15}}]},"44":{"line":407,"type":"if","locations":[{"start":{"line":407,"column":8},"end":{"line":407,"column":8}},{"start":{"line":407,"column":8},"end":{"line":407,"column":8}}]},"45":{"line":409,"type":"if","locations":[{"start":{"line":409,"column":8},"end":{"line":409,"column":8}},{"start":{"line":409,"column":8},"end":{"line":409,"column":8}}]},"46":{"line":411,"type":"if","locations":[{"start":{"line":411,"column":15},"end":{"line":411,"column":15}},{"start":{"line":411,"column":15},"end":{"line":411,"column":15}}]},"47":{"line":413,"type":"if","locations":[{"start":{"line":413,"column":15},"end":{"line":413,"column":15}},{"start":{"line":413,"column":15},"end":{"line":413,"column":15}}]},"48":{"line":415,"type":"if","locations":[{"start":{"line":415,"column":15},"end":{"line":415,"column":15}},{"start":{"line":415,"column":15},"end":{"line":415,"column":15}}]},"49":{"line":417,"type":"if","locations":[{"start":{"line":417,"column":15},"end":{"line":417,"column":15}},{"start":{"line":417,"column":15},"end":{"line":417,"column":15}}]},"50":{"line":458,"type":"if","locations":[{"start":{"line":458,"column":8},"end":{"line":458,"column":8}},{"start":{"line":458,"column":8},"end":{"line":458,"column":8}}]},"51":{"line":461,"type":"if","locations":[{"start":{"line":461,"column":8},"end":{"line":461,"column":8}},{"start":{"line":461,"column":8},"end":{"line":461,"column":8}}]},"52":{"line":462,"type":"if","locations":[{"start":{"line":462,"column":8},"end":{"line":462,"column":8}},{"start":{"line":462,"column":8},"end":{"line":462,"column":8}}]},"53":{"line":473,"type":"if","locations":[{"start":{"line":473,"column":8},"end":{"line":473,"column":8}},{"start":{"line":473,"column":8},"end":{"line":473,"column":8}}]},"54":{"line":483,"type":"if","locations":[{"start":{"line":483,"column":8},"end":{"line":483,"column":8}},{"start":{"line":483,"column":8},"end":{"line":483,"column":8}}]},"55":{"line":493,"type":"if","locations":[{"start":{"line":493,"column":8},"end":{"line":493,"column":8}},{"start":{"line":493,"column":8},"end":{"line":493,"column":8}}]},"56":{"line":494,"type":"if","locations":[{"start":{"line":494,"column":12},"end":{"line":494,"column":12}},{"start":{"line":494,"column":12},"end":{"line":494,"column":12}}]},"57":{"line":500,"type":"if","locations":[{"start":{"line":500,"column":15},"end":{"line":500,"column":15}},{"start":{"line":500,"column":15},"end":{"line":500,"column":15}}]},"58":{"line":501,"type":"if","locations":[{"start":{"line":501,"column":12},"end":{"line":501,"column":12}},{"start":{"line":501,"column":12},"end":{"line":501,"column":12}}]},"59":{"line":518,"type":"if","locations":[{"start":{"line":518,"column":19},"end":{"line":518,"column":19}},{"start":{"line":518,"column":19},"end":{"line":518,"column":19}}]},"60":{"line":532,"type":"if","locations":[{"start":{"line":532,"column":19},"end":{"line":532,"column":19}},{"start":{"line":532,"column":19},"end":{"line":532,"column":19}}]},"61":{"line":535,"type":"if","locations":[{"start":{"line":535,"column":19},"end":{"line":535,"column":19}},{"start":{"line":535,"column":19},"end":{"line":535,"column":19}}]},"62":{"line":561,"type":"if","locations":[{"start":{"line":561,"column":8},"end":{"line":561,"column":8}},{"start":{"line":561,"column":8},"end":{"line":561,"column":8}}]},"63":{"line":568,"type":"if","locations":[{"start":{"line":568,"column":8},"end":{"line":568,"column":8}},{"start":{"line":568,"column":8},"end":{"line":568,"column":8}}]},"64":{"line":575,"type":"if","locations":[{"start":{"line":575,"column":8},"end":{"line":575,"column":8}},{"start":{"line":575,"column":8},"end":{"line":575,"column":8}}]},"65":{"line":582,"type":"if","locations":[{"start":{"line":582,"column":8},"end":{"line":582,"column":8}},{"start":{"line":582,"column":8},"end":{"line":582,"column":8}}]}}},"src/contracts/test/ERC20.sol":{"l":{"22":1,"23":1,"25":1,"26":1,"28":1,"29":1,"32":1,"33":1,"35":1,"39":0,"42":1,"53":13,"56":12,"59":0,"61":13,"62":13,"94":0,"95":0,"96":0,"100":0,"101":0,"102":0,"106":0,"110":0,"114":0},"path":"/home/sina/Workspace/InnToken/project/Governance/InnTokenGovernance/src/contracts/test/ERC20.sol","s":{"1":1,"2":1,"3":1,"4":1,"5":1,"6":1,"7":1,"8":1,"9":1,"10":0,"11":1,"12":13,"13":12,"14":1,"15":0,"16":13,"17":13,"18":0,"19":0,"20":0,"21":0,"22":0,"23":0,"24":0,"25":0,"26":0},"b":{"1":[12,1],"2":[12,0],"3":[0,1],"4":[0,0],"5":[13,0],"6":[0,0],"7":[0,0]},"f":{"1":1,"2":0,"3":1,"4":13,"5":0,"6":0,"7":0,"8":0,"9":0},"fnMap":{"1":{"name":"constructor","line":20,"loc":{"start":{"line":20,"column":4},"end":{"line":36,"column":4}}},"2":{"name":"decimals","line":38,"loc":{"start":{"line":38,"column":4},"end":{"line":40,"column":4}}},"3":{"name":"mint","line":41,"loc":{"start":{"line":41,"column":4},"end":{"line":43,"column":4}}},"4":{"name":"_beforeTokenTransfer","line":48,"loc":{"start":{"line":48,"column":4},"end":{"line":63,"column":4}}},"5":{"name":"freezeAccount","line":93,"loc":{"start":{"line":93,"column":2},"end":{"line":97,"column":2}}},"6":{"name":"unFreezeAccount","line":99,"loc":{"start":{"line":99,"column":2},"end":{"line":103,"column":2}}},"7":{"name":"freezeOf","line":105,"loc":{"start":{"line":105,"column":2},"end":{"line":107,"column":2}}},"8":{"name":"destroy","line":109,"loc":{"start":{"line":109,"column":2},"end":{"line":111,"column":2}}},"9":{"name":"destroyAndSend","line":113,"loc":{"start":{"line":113,"column":2},"end":{"line":115,"column":2}}}},"statementMap":{"1":{"start":{"line":22,"column":8},"end":{"line":22,"column":45}},"2":{"start":{"line":23,"column":8},"end":{"line":23,"column":40}},"3":{"start":{"line":25,"column":8},"end":{"line":25,"column":75}},"4":{"start":{"line":26,"column":8},"end":{"line":26,"column":71}},"5":{"start":{"line":28,"column":8},"end":{"line":28,"column":49}},"6":{"start":{"line":29,"column":8},"end":{"line":29,"column":45}},"7":{"start":{"line":32,"column":8},"end":{"line":32,"column":61}},"8":{"start":{"line":33,"column":8},"end":{"line":33,"column":57}},"9":{"start":{"line":35,"column":8},"end":{"line":35,"column":60}},"10":{"start":{"line":39,"column":8},"end":{"line":39,"column":16}},"11":{"start":{"line":42,"column":8},"end":{"line":42,"column":24}},"12":{"start":{"line":53,"column":8},"end":{"line":53,"column":1886}},"13":{"start":{"line":56,"column":12},"end":{"line":56,"column":133}},"14":{"start":{"line":58,"column":13},"end":{"line":58,"column":2216}},"15":{"start":{"line":59,"column":12},"end":{"line":59,"column":59}},"16":{"start":{"line":61,"column":8},"end":{"line":61,"column":80}},"17":{"start":{"line":62,"column":8},"end":{"line":62,"column":53}},"18":{"start":{"line":94,"column":8},"end":{"line":94,"column":78}},"19":{"start":{"line":95,"column":8},"end":{"line":95,"column":35}},"20":{"start":{"line":96,"column":8},"end":{"line":96,"column":38}},"21":{"start":{"line":100,"column":8},"end":{"line":100,"column":70}},"22":{"start":{"line":101,"column":8},"end":{"line":101,"column":36}},"23":{"start":{"line":102,"column":8},"end":{"line":102,"column":39}},"24":{"start":{"line":106,"column":6},"end":{"line":106,"column":34}},"25":{"start":{"line":110,"column":4},"end":{"line":110,"column":36}},"26":{"start":{"line":114,"column":4},"end":{"line":114,"column":36}}},"branchMap":{"1":{"line":53,"type":"if","locations":[{"start":{"line":53,"column":8},"end":{"line":53,"column":8}},{"start":{"line":53,"column":8},"end":{"line":53,"column":8}}]},"2":{"line":56,"type":"if","locations":[{"start":{"line":56,"column":12},"end":{"line":56,"column":12}},{"start":{"line":56,"column":12},"end":{"line":56,"column":12}}]},"3":{"line":58,"type":"if","locations":[{"start":{"line":58,"column":13},"end":{"line":58,"column":13}},{"start":{"line":58,"column":13},"end":{"line":58,"column":13}}]},"4":{"line":59,"type":"if","locations":[{"start":{"line":59,"column":12},"end":{"line":59,"column":12}},{"start":{"line":59,"column":12},"end":{"line":59,"column":12}}]},"5":{"line":61,"type":"if","locations":[{"start":{"line":61,"column":8},"end":{"line":61,"column":8}},{"start":{"line":61,"column":8},"end":{"line":61,"column":8}}]},"6":{"line":94,"type":"if","locations":[{"start":{"line":94,"column":8},"end":{"line":94,"column":8}},{"start":{"line":94,"column":8},"end":{"line":94,"column":8}}]},"7":{"line":100,"type":"if","locations":[{"start":{"line":100,"column":8},"end":{"line":100,"column":8}},{"start":{"line":100,"column":8},"end":{"line":100,"column":8}}]}}},"src/contracts/test/IGovernorINNImplV2.sol":{"l":{"83":1,"87":1,"91":3,"92":3,"98":1,"99":1,"100":1,"104":0,"105":0,"106":0,"111":1,"115":0,"126":1,"137":1,"142":1,"146":1,"150":0,"151":0,"152":0,"156":1,"157":1,"158":1,"159":1,"161":1,"162":0,"165":1,"168":1,"169":1,"170":1,"171":1,"173":1,"174":0,"177":1,"179":1,"188":1,"189":1,"190":1,"191":1,"192":1,"193":1,"194":1,"195":1,"196":1,"197":1,"198":1,"199":1,"201":1,"203":1,"207":1,"208":0,"209":0,"211":0,"212":0,"213":0,"215":0,"225":1,"226":0,"228":0,"229":0,"230":0,"231":0,"232":0,"234":0,"245":1,"247":1,"248":1,"249":1,"250":1,"251":1,"253":1,"264":0,"266":0,"268":0,"276":0,"278":0,"280":0,"302":3,"310":0,"325":3,"326":3,"328":3,"329":3,"331":3,"333":3,"334":0,"336":3,"338":0,"341":3,"342":3,"346":2,"347":2,"351":9,"352":9,"360":7,"361":7,"363":7,"364":0,"366":0,"368":0,"370":5,"372":2,"375":0,"382":0,"389":1,"396":1,"400":0,"404":0,"408":0,"412":0,"413":0,"415":0,"416":0,"417":0,"419":0,"421":0,"426":1,"427":1,"429":1,"430":1,"431":1,"433":1,"434":1,"436":1,"443":1,"444":1,"445":0,"446":0,"447":0,"448":0,"449":0,"452":1,"453":0,"455":0,"456":0,"458":0,"459":0,"461":0,"462":0,"464":0,"465":0,"466":0,"467":0,"470":1,"472":1,"473":1,"475":1,"476":1,"478":1,"479":1,"481":1,"482":1,"484":0,"485":0,"487":0,"488":0,"492":1,"496":1,"497":1,"498":1,"499":1,"500":1,"501":1,"502":3,"503":3,"505":1,"509":6,"510":6,"511":6,"512":6,"513":6,"517":0,"518":0,"519":0,"520":0,"524":0,"525":0,"526":0,"527":0,"531":0,"532":0,"533":0,"534":0},"path":"/home/sina/Workspace/InnToken/project/Governance/InnTokenGovernance/src/contracts/test/IGovernorINNImplV2.sol","s":{"1":1,"2":3,"3":1,"4":1,"5":1,"6":0,"7":0,"8":0,"9":1,"10":0,"11":1,"12":1,"13":1,"14":1,"15":0,"16":0,"17":0,"18":1,"19":1,"20":1,"21":1,"22":1,"23":0,"24":1,"25":1,"26":1,"27":1,"28":1,"29":1,"30":1,"31":1,"32":1,"33":1,"34":1,"35":1,"36":1,"37":1,"38":1,"39":1,"40":1,"41":1,"42":1,"43":1,"44":1,"45":1,"46":1,"47":0,"48":0,"49":0,"50":0,"51":0,"52":0,"53":1,"54":1,"55":0,"56":0,"57":0,"58":0,"59":0,"60":0,"61":0,"62":1,"63":1,"64":1,"65":1,"66":1,"67":1,"68":1,"69":1,"70":0,"71":0,"72":0,"73":0,"74":0,"75":0,"76":0,"77":0,"78":0,"79":3,"80":0,"81":3,"82":3,"83":3,"84":3,"85":3,"86":3,"87":0,"88":3,"89":3,"90":0,"91":0,"92":3,"93":3,"94":2,"95":2,"96":9,"97":9,"98":7,"99":7,"100":7,"101":0,"102":7,"103":0,"104":7,"105":0,"106":7,"107":5,"108":2,"109":2,"110":0,"111":0,"112":1,"113":1,"114":0,"115":0,"116":0,"117":0,"118":0,"119":0,"120":0,"121":0,"122":0,"123":0,"124":1,"125":1,"126":1,"127":1,"128":1,"129":1,"130":1,"131":1,"132":1,"133":1,"134":1,"135":0,"136":0,"137":0,"138":0,"139":0,"140":1,"141":1,"142":0,"143":0,"144":0,"145":0,"146":0,"147":0,"148":0,"149":0,"150":0,"151":0,"152":0,"153":1,"154":1,"155":1,"156":1,"157":1,"158":1,"159":1,"160":1,"161":1,"162":1,"163":0,"164":0,"165":0,"166":0,"167":0,"168":0,"169":1,"170":1,"171":1,"172":1,"173":1,"174":1,"175":1,"176":3,"177":3,"178":1,"179":6,"180":6,"181":6,"182":6,"183":6,"184":0,"185":0,"186":0,"187":0,"188":0,"189":0,"190":0,"191":0,"192":0,"193":0,"194":0,"195":0},"b":{"1":[1,0],"2":[3,0],"3":[0,0],"4":[0,0],"5":[1,0],"6":[1,0],"7":[1,0],"8":[1,0],"9":[0,1],"10":[0,0],"11":[1,0],"12":[0,1],"13":[1,0],"14":[0,1],"15":[0,0],"16":[0,0],"17":[0,0],"18":[0,0],"19":[1,0],"20":[0,1],"21":[0,0],"22":[0,0],"23":[0,0],"24":[0,0],"25":[0,0],"26":[1,0],"27":[1,0],"28":[1,0],"29":[1,0],"30":[1,0],"31":[1,0],"32":[0,0],"33":[0,0],"34":[0,0],"35":[0,0],"36":[0,0],"37":[3,0],"38":[3,0],"39":[3,0],"40":[0,3],"41":[3,0],"42":[0,0],"43":[7,0],"44":[0,7],"45":[0,7],"46":[0,7],"47":[5,2],"48":[2,0],"49":[0,0],"50":[0,0],"51":[0,0],"52":[1,0],"53":[1,0],"54":[0,1],"55":[0,0],"56":[1,0],"57":[0,1],"58":[1,0],"59":[0,0],"60":[0,0],"61":[6,0],"62":[0,0],"63":[0,0],"64":[0,0]},"f":{"1":1,"2":3,"3":1,"4":0,"5":1,"6":0,"7":1,"8":1,"9":1,"10":1,"11":0,"12":1,"13":1,"14":3,"15":0,"16":3,"17":2,"18":9,"19":7,"20":0,"21":1,"22":1,"23":0,"24":0,"25":0,"26":0,"27":1,"28":1,"29":1,"30":6,"31":0,"32":0,"33":0},"fnMap":{"1":{"name":"onlyValidatorsOrAdmin","line":82,"loc":{"start":{"line":82,"column":4},"end":{"line":88,"column":4}}},"2":{"name":"onlyValidators","line":90,"loc":{"start":{"line":90,"column":5},"end":{"line":93,"column":4}}},"3":{"name":"initialize","line":97,"loc":{"start":{"line":97,"column":4},"end":{"line":101,"column":4}}},"4":{"name":"disableValidator","line":103,"loc":{"start":{"line":103,"column":4},"end":{"line":107,"column":4}}},"5":{"name":"isValidator","line":110,"loc":{"start":{"line":110,"column":4},"end":{"line":112,"column":4}}},"6":{"name":"isStartup","line":114,"loc":{"start":{"line":114,"column":4},"end":{"line":116,"column":4}}},"7":{"name":"hashProposal","line":118,"loc":{"start":{"line":118,"column":4},"end":{"line":127,"column":4}}},"8":{"name":"_getMessageHash","line":129,"loc":{"start":{"line":129,"column":4},"end":{"line":139,"column":4}}},"9":{"name":"_hashTypedDataV4","line":141,"loc":{"start":{"line":141,"column":5},"end":{"line":143,"column":4}}},"10":{"name":"_domainSeparatorV4","line":145,"loc":{"start":{"line":145,"column":5},"end":{"line":147,"column":4}}},"11":{"name":"_authorizeUpgrade","line":149,"loc":{"start":{"line":149,"column":4},"end":{"line":153,"column":4}}},"12":{"name":"propose","line":155,"loc":{"start":{"line":155,"column":4},"end":{"line":204,"column":4}}},"13":{"name":"_generateProposalCreationEvent","line":206,"loc":{"start":{"line":206,"column":4},"end":{"line":291,"column":4}}},"14":{"name":"castVote","line":301,"loc":{"start":{"line":297,"column":4},"end":{"line":303,"column":4}}},"15":{"name":"castVoteAdmin","line":309,"loc":{"start":{"line":309,"column":3},"end":{"line":311,"column":3}}},"16":{"name":"_castVote","line":319,"loc":{"start":{"line":319,"column":4},"end":{"line":343,"column":4}}},"17":{"name":"_quorumReached","line":345,"loc":{"start":{"line":345,"column":4},"end":{"line":348,"column":4}}},"18":{"name":"_fullQuorum","line":350,"loc":{"start":{"line":350,"column":4},"end":{"line":353,"column":4}}},"19":{"name":"state","line":359,"loc":{"start":{"line":359,"column":4},"end":{"line":376,"column":4}}},"20":{"name":"hasVoted","line":381,"loc":{"start":{"line":381,"column":4},"end":{"line":383,"column":4}}},"21":{"name":"name","line":388,"loc":{"start":{"line":388,"column":4},"end":{"line":390,"column":4}}},"22":{"name":"version","line":395,"loc":{"start":{"line":395,"column":4},"end":{"line":397,"column":4}}},"23":{"name":"setMigration","line":399,"loc":{"start":{"line":399,"column":4},"end":{"line":401,"column":4}}},"24":{"name":"setVotingDelay","line":403,"loc":{"start":{"line":403,"column":4},"end":{"line":405,"column":4}}},"25":{"name":"setVotingPeriod","line":407,"loc":{"start":{"line":407,"column":4},"end":{"line":409,"column":4}}},"26":{"name":"cancel","line":411,"loc":{"start":{"line":411,"column":4},"end":{"line":422,"column":4}}},"27":{"name":"execute","line":424,"loc":{"start":{"line":424,"column":4},"end":{"line":437,"column":4}}},"28":{"name":"_execute","line":442,"loc":{"start":{"line":442,"column":8},"end":{"line":493,"column":4}}},"29":{"name":"_sendRewards","line":495,"loc":{"start":{"line":495,"column":8},"end":{"line":506,"column":4}}},"30":{"name":"_transferToken","line":508,"loc":{"start":{"line":508,"column":2},"end":{"line":514,"column":4}}},"31":{"name":"_freezeAccount","line":516,"loc":{"start":{"line":516,"column":4},"end":{"line":521,"column":4}}},"32":{"name":"_unfreezeAccount","line":523,"loc":{"start":{"line":523,"column":4},"end":{"line":528,"column":4}}},"33":{"name":"_transferCommission","line":530,"loc":{"start":{"line":530,"column":4},"end":{"line":535,"column":4}}}},"statementMap":{"1":{"start":{"line":83,"column":8},"end":{"line":83,"column":3055}},"2":{"start":{"line":91,"column":8},"end":{"line":91,"column":151}},"3":{"start":{"line":98,"column":8},"end":{"line":98,"column":25}},"4":{"start":{"line":99,"column":8},"end":{"line":99,"column":31}},"5":{"start":{"line":100,"column":8},"end":{"line":100,"column":37}},"6":{"start":{"line":104,"column":8},"end":{"line":104,"column":158}},"7":{"start":{"line":105,"column":8},"end":{"line":105,"column":45}},"8":{"start":{"line":106,"column":8},"end":{"line":106,"column":26}},"9":{"start":{"line":111,"column":8},"end":{"line":111,"column":88}},"10":{"start":{"line":115,"column":8},"end":{"line":115,"column":86}},"11":{"start":{"line":126,"column":8},"end":{"line":126,"column":107}},"12":{"start":{"line":137,"column":8},"end":{"line":137,"column":5169}},"13":{"start":{"line":142,"column":8},"end":{"line":142,"column":81}},"14":{"start":{"line":146,"column":8},"end":{"line":146,"column":165}},"15":{"start":{"line":150,"column":8},"end":{"line":150,"column":66}},"16":{"start":{"line":151,"column":8},"end":{"line":151,"column":40}},"17":{"start":{"line":152,"column":8},"end":{"line":152,"column":40}},"18":{"start":{"line":156,"column":8},"end":{"line":156,"column":93}},"19":{"start":{"line":157,"column":8},"end":{"line":157,"column":87}},"20":{"start":{"line":158,"column":8},"end":{"line":158,"column":68}},"21":{"start":{"line":159,"column":8},"end":{"line":159,"column":67}},"22":{"start":{"line":161,"column":8},"end":{"line":161,"column":6408}},"23":{"start":{"line":162,"column":12},"end":{"line":162,"column":98}},"24":{"start":{"line":165,"column":12},"end":{"line":165,"column":105}},"25":{"start":{"line":168,"column":8},"end":{"line":168,"column":82}},"26":{"start":{"line":169,"column":8},"end":{"line":169,"column":151}},"27":{"start":{"line":170,"column":8},"end":{"line":170,"column":56}},"28":{"start":{"line":171,"column":8},"end":{"line":171,"column":121}},"29":{"start":{"line":173,"column":8},"end":{"line":173,"column":7121}},"30":{"start":{"line":177,"column":8},"end":{"line":177,"column":90}},"31":{"start":{"line":179,"column":8},"end":{"line":179,"column":7349}},"32":{"start":{"line":188,"column":8},"end":{"line":188,"column":62}},"33":{"start":{"line":189,"column":8},"end":{"line":189,"column":39}},"34":{"start":{"line":190,"column":8},"end":{"line":190,"column":81}},"35":{"start":{"line":191,"column":8},"end":{"line":191,"column":80}},"36":{"start":{"line":192,"column":8},"end":{"line":192,"column":57}},"37":{"start":{"line":193,"column":8},"end":{"line":193,"column":53}},"38":{"start":{"line":194,"column":8},"end":{"line":194,"column":49}},"39":{"start":{"line":195,"column":8},"end":{"line":195,"column":47}},"40":{"start":{"line":196,"column":8},"end":{"line":196,"column":39}},"41":{"start":{"line":197,"column":8},"end":{"line":197,"column":51}},"42":{"start":{"line":198,"column":8},"end":{"line":198,"column":47}},"43":{"start":{"line":199,"column":8},"end":{"line":199,"column":35}},"44":{"start":{"line":201,"column":8},"end":{"line":201,"column":47}},"45":{"start":{"line":203,"column":8},"end":{"line":203,"column":25}},"46":{"start":{"line":207,"column":8},"end":{"line":207,"column":8425}},"47":{"start":{"line":208,"column":12},"end":{"line":208,"column":8496}},"48":{"start":{"line":209,"column":16},"end":{"line":209,"column":110}},"49":{"start":{"line":211,"column":16},"end":{"line":211,"column":103}},"50":{"start":{"line":212,"column":16},"end":{"line":212,"column":107}},"51":{"start":{"line":213,"column":16},"end":{"line":213,"column":115}},"52":{"start":{"line":215,"column":16},"end":{"line":215,"column":9010}},"53":{"start":{"line":224,"column":15},"end":{"line":224,"column":9344}},"54":{"start":{"line":225,"column":12},"end":{"line":225,"column":9416}},"55":{"start":{"line":226,"column":16},"end":{"line":226,"column":111}},"56":{"start":{"line":228,"column":16},"end":{"line":228,"column":104}},"57":{"start":{"line":229,"column":16},"end":{"line":229,"column":95}},"58":{"start":{"line":230,"column":16},"end":{"line":230,"column":97}},"59":{"start":{"line":231,"column":16},"end":{"line":231,"column":96}},"60":{"start":{"line":232,"column":16},"end":{"line":232,"column":112}},"61":{"start":{"line":234,"column":16},"end":{"line":234,"column":10116}},"62":{"start":{"line":244,"column":19},"end":{"line":244,"column":10536}},"63":{"start":{"line":245,"column":16},"end":{"line":245,"column":114}},"64":{"start":{"line":247,"column":16},"end":{"line":247,"column":105}},"65":{"start":{"line":248,"column":16},"end":{"line":248,"column":96}},"66":{"start":{"line":249,"column":16},"end":{"line":249,"column":98}},"67":{"start":{"line":250,"column":16},"end":{"line":250,"column":101}},"68":{"start":{"line":251,"column":16},"end":{"line":251,"column":122}},"69":{"start":{"line":253,"column":16},"end":{"line":253,"column":11258}},"70":{"start":{"line":263,"column":19},"end":{"line":263,"column":11685}},"71":{"start":{"line":264,"column":16},"end":{"line":264,"column":120}},"72":{"start":{"line":266,"column":16},"end":{"line":266,"column":100}},"73":{"start":{"line":268,"column":16},"end":{"line":268,"column":11981}},"74":{"start":{"line":275,"column":19},"end":{"line":275,"column":12264}},"75":{"start":{"line":276,"column":16},"end":{"line":276,"column":126}},"76":{"start":{"line":278,"column":16},"end":{"line":278,"column":104}},"77":{"start":{"line":280,"column":16},"end":{"line":280,"column":12572}},"78":{"start":{"line":288,"column":15},"end":{"line":288,"column":12865}},"79":{"start":{"line":302,"column":8},"end":{"line":302,"column":64}},"80":{"start":{"line":310,"column":6},"end":{"line":310,"column":13}},"81":{"start":{"line":325,"column":8},"end":{"line":325,"column":63}},"82":{"start":{"line":326,"column":8},"end":{"line":326,"column":98}},"83":{"start":{"line":328,"column":8},"end":{"line":328,"column":70}},"84":{"start":{"line":329,"column":8},"end":{"line":329,"column":85}},"85":{"start":{"line":331,"column":8},"end":{"line":331,"column":39}},"86":{"start":{"line":333,"column":8},"end":{"line":333,"column":14282}},"87":{"start":{"line":334,"column":12},"end":{"line":334,"column":41}},"88":{"start":{"line":335,"column":15},"end":{"line":335,"column":14373}},"89":{"start":{"line":336,"column":12},"end":{"line":336,"column":37}},"90":{"start":{"line":337,"column":15},"end":{"line":337,"column":14456}},"91":{"start":{"line":338,"column":12},"end":{"line":338,"column":41}},"92":{"start":{"line":341,"column":8},"end":{"line":341,"column":54}},"93":{"start":{"line":342,"column":8},"end":{"line":342,"column":19}},"94":{"start":{"line":346,"column":8},"end":{"line":346,"column":70}},"95":{"start":{"line":347,"column":8},"end":{"line":347,"column":62}},"96":{"start":{"line":351,"column":8},"end":{"line":351,"column":70}},"97":{"start":{"line":352,"column":8},"end":{"line":352,"column":112}},"98":{"start":{"line":360,"column":8},"end":{"line":360,"column":62}},"99":{"start":{"line":361,"column":8},"end":{"line":361,"column":65}},"100":{"start":{"line":363,"column":8},"end":{"line":363,"column":15436}},"101":{"start":{"line":364,"column":12},"end":{"line":364,"column":41}},"102":{"start":{"line":365,"column":15},"end":{"line":365,"column":15521}},"103":{"start":{"line":366,"column":12},"end":{"line":366,"column":41}},"104":{"start":{"line":367,"column":15},"end":{"line":367,"column":15606}},"105":{"start":{"line":368,"column":12},"end":{"line":368,"column":40}},"106":{"start":{"line":369,"column":15},"end":{"line":369,"column":15705}},"107":{"start":{"line":370,"column":12},"end":{"line":370,"column":39}},"108":{"start":{"line":371,"column":15},"end":{"line":371,"column":15829}},"109":{"start":{"line":372,"column":12},"end":{"line":372,"column":96}},"110":{"start":{"line":375,"column":8},"end":{"line":375,"column":33}},"111":{"start":{"line":382,"column":8},"end":{"line":382,"column":68}},"112":{"start":{"line":389,"column":8},"end":{"line":389,"column":26}},"113":{"start":{"line":396,"column":8},"end":{"line":396,"column":29}},"114":{"start":{"line":400,"column":8},"end":{"line":400,"column":37}},"115":{"start":{"line":404,"column":8},"end":{"line":404,"column":26}},"116":{"start":{"line":408,"column":8},"end":{"line":408,"column":28}},"117":{"start":{"line":412,"column":8},"end":{"line":412,"column":100}},"118":{"start":{"line":413,"column":8},"end":{"line":413,"column":48}},"119":{"start":{"line":415,"column":8},"end":{"line":415,"column":116}},"120":{"start":{"line":416,"column":8},"end":{"line":416,"column":87}},"121":{"start":{"line":417,"column":8},"end":{"line":417,"column":47}},"122":{"start":{"line":419,"column":8},"end":{"line":419,"column":49}},"123":{"start":{"line":421,"column":8},"end":{"line":421,"column":19}},"124":{"start":{"line":426,"column":8},"end":{"line":426,"column":48}},"125":{"start":{"line":427,"column":8},"end":{"line":427,"column":86}},"126":{"start":{"line":429,"column":8},"end":{"line":429,"column":62}},"127":{"start":{"line":430,"column":8},"end":{"line":430,"column":33}},"128":{"start":{"line":431,"column":8},"end":{"line":431,"column":29}},"129":{"start":{"line":433,"column":8},"end":{"line":433,"column":37}},"130":{"start":{"line":434,"column":8},"end":{"line":434,"column":56}},"131":{"start":{"line":434,"column":23},"end":{"line":434,"column":56}},"132":{"start":{"line":436,"column":8},"end":{"line":436,"column":24}},"133":{"start":{"line":443,"column":8},"end":{"line":443,"column":27}},"134":{"start":{"line":444,"column":8},"end":{"line":444,"column":18438}},"135":{"start":{"line":445,"column":12},"end":{"line":445,"column":18509}},"136":{"start":{"line":446,"column":16},"end":{"line":446,"column":108}},"137":{"start":{"line":447,"column":16},"end":{"line":447,"column":120}},"138":{"start":{"line":448,"column":16},"end":{"line":448,"column":34}},"139":{"start":{"line":449,"column":16},"end":{"line":449,"column":29}},"140":{"start":{"line":451,"column":15},"end":{"line":451,"column":18881}},"141":{"start":{"line":452,"column":12},"end":{"line":452,"column":18976}},"142":{"start":{"line":453,"column":16},"end":{"line":453,"column":111}},"143":{"start":{"line":455,"column":16},"end":{"line":455,"column":57}},"144":{"start":{"line":456,"column":16},"end":{"line":456,"column":104}},"145":{"start":{"line":458,"column":16},"end":{"line":458,"column":59}},"146":{"start":{"line":459,"column":16},"end":{"line":459,"column":108}},"147":{"start":{"line":461,"column":16},"end":{"line":461,"column":57}},"148":{"start":{"line":462,"column":16},"end":{"line":462,"column":105}},"149":{"start":{"line":464,"column":16},"end":{"line":464,"column":56}},"150":{"start":{"line":465,"column":16},"end":{"line":465,"column":97}},"151":{"start":{"line":466,"column":16},"end":{"line":466,"column":116}},"152":{"start":{"line":467,"column":16},"end":{"line":467,"column":31}},"153":{"start":{"line":469,"column":19},"end":{"line":469,"column":19994}},"154":{"start":{"line":470,"column":16},"end":{"line":470,"column":114}},"155":{"start":{"line":472,"column":16},"end":{"line":472,"column":63}},"156":{"start":{"line":473,"column":16},"end":{"line":473,"column":108}},"157":{"start":{"line":475,"column":16},"end":{"line":475,"column":65}},"158":{"start":{"line":476,"column":16},"end":{"line":476,"column":109}},"159":{"start":{"line":478,"column":16},"end":{"line":478,"column":63}},"160":{"start":{"line":479,"column":16},"end":{"line":479,"column":106}},"161":{"start":{"line":481,"column":16},"end":{"line":481,"column":61}},"162":{"start":{"line":482,"column":16},"end":{"line":482,"column":98}},"163":{"start":{"line":483,"column":19},"end":{"line":483,"column":20876}},"164":{"start":{"line":484,"column":16},"end":{"line":484,"column":120}},"165":{"start":{"line":485,"column":16},"end":{"line":485,"column":65}},"166":{"start":{"line":486,"column":19},"end":{"line":486,"column":21133}},"167":{"start":{"line":487,"column":16},"end":{"line":487,"column":126}},"168":{"start":{"line":488,"column":16},"end":{"line":488,"column":69}},"169":{"start":{"line":492,"column":8},"end":{"line":492,"column":22}},"170":{"start":{"line":496,"column":12},"end":{"line":496,"column":74}},"171":{"start":{"line":497,"column":12},"end":{"line":497,"column":64}},"172":{"start":{"line":498,"column":12},"end":{"line":498,"column":67}},"173":{"start":{"line":499,"column":12},"end":{"line":499,"column":79}},"174":{"start":{"line":500,"column":12},"end":{"line":500,"column":31}},"175":{"start":{"line":501,"column":12},"end":{"line":501,"column":21873}},"176":{"start":{"line":502,"column":16},"end":{"line":502,"column":87}},"177":{"start":{"line":503,"column":16},"end":{"line":503,"column":89}},"178":{"start":{"line":505,"column":12},"end":{"line":505,"column":26}},"179":{"start":{"line":509,"column":8},"end":{"line":509,"column":108}},"180":{"start":{"line":510,"column":8},"end":{"line":510,"column":110}},"181":{"start":{"line":511,"column":8},"end":{"line":511,"column":66}},"182":{"start":{"line":512,"column":8},"end":{"line":512,"column":53}},"183":{"start":{"line":513,"column":8},"end":{"line":513,"column":22}},"184":{"start":{"line":517,"column":8},"end":{"line":517,"column":104}},"185":{"start":{"line":518,"column":8},"end":{"line":518,"column":75}},"186":{"start":{"line":519,"column":8},"end":{"line":519,"column":57}},"187":{"start":{"line":520,"column":8},"end":{"line":520,"column":22}},"188":{"start":{"line":524,"column":8},"end":{"line":524,"column":110}},"189":{"start":{"line":525,"column":8},"end":{"line":525,"column":77}},"190":{"start":{"line":526,"column":8},"end":{"line":526,"column":59}},"191":{"start":{"line":527,"column":8},"end":{"line":527,"column":22}},"192":{"start":{"line":531,"column":8},"end":{"line":531,"column":134}},"193":{"start":{"line":532,"column":8},"end":{"line":532,"column":90}},"194":{"start":{"line":533,"column":8},"end":{"line":533,"column":63}},"195":{"start":{"line":534,"column":8},"end":{"line":534,"column":22}}},"branchMap":{"1":{"line":83,"type":"if","locations":[{"start":{"line":83,"column":8},"end":{"line":83,"column":8}},{"start":{"line":83,"column":8},"end":{"line":83,"column":8}}]},"2":{"line":91,"type":"if","locations":[{"start":{"line":91,"column":8},"end":{"line":91,"column":8}},{"start":{"line":91,"column":8},"end":{"line":91,"column":8}}]},"3":{"line":104,"type":"if","locations":[{"start":{"line":104,"column":8},"end":{"line":104,"column":8}},{"start":{"line":104,"column":8},"end":{"line":104,"column":8}}]},"4":{"line":150,"type":"if","locations":[{"start":{"line":150,"column":8},"end":{"line":150,"column":8}},{"start":{"line":150,"column":8},"end":{"line":150,"column":8}}]},"5":{"line":156,"type":"if","locations":[{"start":{"line":156,"column":8},"end":{"line":156,"column":8}},{"start":{"line":156,"column":8},"end":{"line":156,"column":8}}]},"6":{"line":157,"type":"if","locations":[{"start":{"line":157,"column":8},"end":{"line":157,"column":8}},{"start":{"line":157,"column":8},"end":{"line":157,"column":8}}]},"7":{"line":158,"type":"if","locations":[{"start":{"line":158,"column":8},"end":{"line":158,"column":8}},{"start":{"line":158,"column":8},"end":{"line":158,"column":8}}]},"8":{"line":159,"type":"if","locations":[{"start":{"line":159,"column":8},"end":{"line":159,"column":8}},{"start":{"line":159,"column":8},"end":{"line":159,"column":8}}]},"9":{"line":161,"type":"if","locations":[{"start":{"line":161,"column":8},"end":{"line":161,"column":8}},{"start":{"line":161,"column":8},"end":{"line":161,"column":8}}]},"10":{"line":162,"type":"if","locations":[{"start":{"line":162,"column":12},"end":{"line":162,"column":12}},{"start":{"line":162,"column":12},"end":{"line":162,"column":12}}]},"11":{"line":165,"type":"if","locations":[{"start":{"line":165,"column":12},"end":{"line":165,"column":12}},{"start":{"line":165,"column":12},"end":{"line":165,"column":12}}]},"12":{"line":173,"type":"if","locations":[{"start":{"line":173,"column":8},"end":{"line":173,"column":8}},{"start":{"line":173,"column":8},"end":{"line":173,"column":8}}]},"13":{"line":177,"type":"if","locations":[{"start":{"line":177,"column":8},"end":{"line":177,"column":8}},{"start":{"line":177,"column":8},"end":{"line":177,"column":8}}]},"14":{"line":207,"type":"if","locations":[{"start":{"line":207,"column":8},"end":{"line":207,"column":8}},{"start":{"line":207,"column":8},"end":{"line":207,"column":8}}]},"15":{"line":208,"type":"if","locations":[{"start":{"line":208,"column":12},"end":{"line":208,"column":12}},{"start":{"line":208,"column":12},"end":{"line":208,"column":12}}]},"16":{"line":211,"type":"if","locations":[{"start":{"line":211,"column":16},"end":{"line":211,"column":16}},{"start":{"line":211,"column":16},"end":{"line":211,"column":16}}]},"17":{"line":212,"type":"if","locations":[{"start":{"line":212,"column":16},"end":{"line":212,"column":16}},{"start":{"line":212,"column":16},"end":{"line":212,"column":16}}]},"18":{"line":213,"type":"if","locations":[{"start":{"line":213,"column":16},"end":{"line":213,"column":16}},{"start":{"line":213,"column":16},"end":{"line":213,"column":16}}]},"19":{"line":224,"type":"if","locations":[{"start":{"line":224,"column":15},"end":{"line":224,"column":15}},{"start":{"line":224,"column":15},"end":{"line":224,"column":15}}]},"20":{"line":225,"type":"if","locations":[{"start":{"line":225,"column":12},"end":{"line":225,"column":12}},{"start":{"line":225,"column":12},"end":{"line":225,"column":12}}]},"21":{"line":228,"type":"if","locations":[{"start":{"line":228,"column":16},"end":{"line":228,"column":16}},{"start":{"line":228,"column":16},"end":{"line":228,"column":16}}]},"22":{"line":229,"type":"if","locations":[{"start":{"line":229,"column":16},"end":{"line":229,"column":16}},{"start":{"line":229,"column":16},"end":{"line":229,"column":16}}]},"23":{"line":230,"type":"if","locations":[{"start":{"line":230,"column":16},"end":{"line":230,"column":16}},{"start":{"line":230,"column":16},"end":{"line":230,"column":16}}]},"24":{"line":231,"type":"if","locations":[{"start":{"line":231,"column":16},"end":{"line":231,"column":16}},{"start":{"line":231,"column":16},"end":{"line":231,"column":16}}]},"25":{"line":232,"type":"if","locations":[{"start":{"line":232,"column":16},"end":{"line":232,"column":16}},{"start":{"line":232,"column":16},"end":{"line":232,"column":16}}]},"26":{"line":244,"type":"if","locations":[{"start":{"line":244,"column":19},"end":{"line":244,"column":19}},{"start":{"line":244,"column":19},"end":{"line":244,"column":19}}]},"27":{"line":247,"type":"if","locations":[{"start":{"line":247,"column":16},"end":{"line":247,"column":16}},{"start":{"line":247,"column":16},"end":{"line":247,"column":16}}]},"28":{"line":248,"type":"if","locations":[{"start":{"line":248,"column":16},"end":{"line":248,"column":16}},{"start":{"line":248,"column":16},"end":{"line":248,"column":16}}]},"29":{"line":249,"type":"if","locations":[{"start":{"line":249,"column":16},"end":{"line":249,"column":16}},{"start":{"line":249,"column":16},"end":{"line":249,"column":16}}]},"30":{"line":250,"type":"if","locations":[{"start":{"line":250,"column":16},"end":{"line":250,"column":16}},{"start":{"line":250,"column":16},"end":{"line":250,"column":16}}]},"31":{"line":251,"type":"if","locations":[{"start":{"line":251,"column":16},"end":{"line":251,"column":16}},{"start":{"line":251,"column":16},"end":{"line":251,"column":16}}]},"32":{"line":263,"type":"if","locations":[{"start":{"line":263,"column":19},"end":{"line":263,"column":19}},{"start":{"line":263,"column":19},"end":{"line":263,"column":19}}]},"33":{"line":266,"type":"if","locations":[{"start":{"line":266,"column":16},"end":{"line":266,"column":16}},{"start":{"line":266,"column":16},"end":{"line":266,"column":16}}]},"34":{"line":275,"type":"if","locations":[{"start":{"line":275,"column":19},"end":{"line":275,"column":19}},{"start":{"line":275,"column":19},"end":{"line":275,"column":19}}]},"35":{"line":278,"type":"if","locations":[{"start":{"line":278,"column":16},"end":{"line":278,"column":16}},{"start":{"line":278,"column":16},"end":{"line":278,"column":16}}]},"36":{"line":288,"type":"if","locations":[{"start":{"line":288,"column":15},"end":{"line":288,"column":15}},{"start":{"line":288,"column":15},"end":{"line":288,"column":15}}]},"37":{"line":325,"type":"if","locations":[{"start":{"line":325,"column":8},"end":{"line":325,"column":8}},{"start":{"line":325,"column":8},"end":{"line":325,"column":8}}]},"38":{"line":326,"type":"if","locations":[{"start":{"line":326,"column":8},"end":{"line":326,"column":8}},{"start":{"line":326,"column":8},"end":{"line":326,"column":8}}]},"39":{"line":329,"type":"if","locations":[{"start":{"line":329,"column":8},"end":{"line":329,"column":8}},{"start":{"line":329,"column":8},"end":{"line":329,"column":8}}]},"40":{"line":333,"type":"if","locations":[{"start":{"line":333,"column":8},"end":{"line":333,"column":8}},{"start":{"line":333,"column":8},"end":{"line":333,"column":8}}]},"41":{"line":335,"type":"if","locations":[{"start":{"line":335,"column":15},"end":{"line":335,"column":15}},{"start":{"line":335,"column":15},"end":{"line":335,"column":15}}]},"42":{"line":337,"type":"if","locations":[{"start":{"line":337,"column":15},"end":{"line":337,"column":15}},{"start":{"line":337,"column":15},"end":{"line":337,"column":15}}]},"43":{"line":361,"type":"if","locations":[{"start":{"line":361,"column":8},"end":{"line":361,"column":8}},{"start":{"line":361,"column":8},"end":{"line":361,"column":8}}]},"44":{"line":363,"type":"if","locations":[{"start":{"line":363,"column":8},"end":{"line":363,"column":8}},{"start":{"line":363,"column":8},"end":{"line":363,"column":8}}]},"45":{"line":365,"type":"if","locations":[{"start":{"line":365,"column":15},"end":{"line":365,"column":15}},{"start":{"line":365,"column":15},"end":{"line":365,"column":15}}]},"46":{"line":367,"type":"if","locations":[{"start":{"line":367,"column":15},"end":{"line":367,"column":15}},{"start":{"line":367,"column":15},"end":{"line":367,"column":15}}]},"47":{"line":369,"type":"if","locations":[{"start":{"line":369,"column":15},"end":{"line":369,"column":15}},{"start":{"line":369,"column":15},"end":{"line":369,"column":15}}]},"48":{"line":371,"type":"if","locations":[{"start":{"line":371,"column":15},"end":{"line":371,"column":15}},{"start":{"line":371,"column":15},"end":{"line":371,"column":15}}]},"49":{"line":412,"type":"if","locations":[{"start":{"line":412,"column":8},"end":{"line":412,"column":8}},{"start":{"line":412,"column":8},"end":{"line":412,"column":8}}]},"50":{"line":415,"type":"if","locations":[{"start":{"line":415,"column":8},"end":{"line":415,"column":8}},{"start":{"line":415,"column":8},"end":{"line":415,"column":8}}]},"51":{"line":416,"type":"if","locations":[{"start":{"line":416,"column":8},"end":{"line":416,"column":8}},{"start":{"line":416,"column":8},"end":{"line":416,"column":8}}]},"52":{"line":427,"type":"if","locations":[{"start":{"line":427,"column":8},"end":{"line":427,"column":8}},{"start":{"line":427,"column":8},"end":{"line":427,"column":8}}]},"53":{"line":434,"type":"if","locations":[{"start":{"line":434,"column":8},"end":{"line":434,"column":8}},{"start":{"line":434,"column":8},"end":{"line":434,"column":8}}]},"54":{"line":444,"type":"if","locations":[{"start":{"line":444,"column":8},"end":{"line":444,"column":8}},{"start":{"line":444,"column":8},"end":{"line":444,"column":8}}]},"55":{"line":445,"type":"if","locations":[{"start":{"line":445,"column":12},"end":{"line":445,"column":12}},{"start":{"line":445,"column":12},"end":{"line":445,"column":12}}]},"56":{"line":451,"type":"if","locations":[{"start":{"line":451,"column":15},"end":{"line":451,"column":15}},{"start":{"line":451,"column":15},"end":{"line":451,"column":15}}]},"57":{"line":452,"type":"if","locations":[{"start":{"line":452,"column":12},"end":{"line":452,"column":12}},{"start":{"line":452,"column":12},"end":{"line":452,"column":12}}]},"58":{"line":469,"type":"if","locations":[{"start":{"line":469,"column":19},"end":{"line":469,"column":19}},{"start":{"line":469,"column":19},"end":{"line":469,"column":19}}]},"59":{"line":483,"type":"if","locations":[{"start":{"line":483,"column":19},"end":{"line":483,"column":19}},{"start":{"line":483,"column":19},"end":{"line":483,"column":19}}]},"60":{"line":486,"type":"if","locations":[{"start":{"line":486,"column":19},"end":{"line":486,"column":19}},{"start":{"line":486,"column":19},"end":{"line":486,"column":19}}]},"61":{"line":512,"type":"if","locations":[{"start":{"line":512,"column":8},"end":{"line":512,"column":8}},{"start":{"line":512,"column":8},"end":{"line":512,"column":8}}]},"62":{"line":519,"type":"if","locations":[{"start":{"line":519,"column":8},"end":{"line":519,"column":8}},{"start":{"line":519,"column":8},"end":{"line":519,"column":8}}]},"63":{"line":526,"type":"if","locations":[{"start":{"line":526,"column":8},"end":{"line":526,"column":8}},{"start":{"line":526,"column":8},"end":{"line":526,"column":8}}]},"64":{"line":533,"type":"if","locations":[{"start":{"line":533,"column":8},"end":{"line":533,"column":8}},{"start":{"line":533,"column":8},"end":{"line":533,"column":8}}]}}}}