{"src/contracts/IGovernorINN.sol":{"l":{},"path":"/home/sina/Workspace/InnToken/project/Governance/InnTokenGovernance/src/contracts/IGovernorINN.sol","s":{},"b":{},"f":{},"fnMap":{},"statementMap":{},"branchMap":{}},"src/contracts/IGovernorINNImpl.sol":{"l":{"70":1,"71":1,"90":17,"91":17,"92":17,"93":17,"94":17,"95":17,"96":17,"97":17,"98":17,"99":17,"101":17,"102":17,"106":0,"107":0,"108":0,"113":0,"124":1,"135":1,"140":1,"144":1,"148":0,"152":1,"153":1,"154":1,"155":1,"157":1,"159":1,"160":1,"161":1,"163":1,"164":0,"167":1,"181":1,"182":1,"183":1,"184":1,"185":1,"186":1,"187":1,"188":1,"189":1,"190":1,"191":1,"192":1,"194":1,"196":1,"200":1,"201":1,"202":1,"205":1,"206":1,"215":1,"225":0,"226":0,"228":0,"229":0,"230":0,"231":0,"233":0,"244":0,"246":0,"247":0,"248":0,"249":0,"251":0,"262":0,"264":0,"266":0,"274":0,"276":0,"278":0,"300":0,"315":0,"316":0,"318":0,"319":0,"321":0,"323":0,"324":0,"326":0,"328":0,"331":0,"332":0,"336":0,"337":0,"341":0,"342":0,"350":0,"351":0,"353":0,"354":0,"356":0,"358":0,"360":0,"362":0,"365":0,"372":0,"379":2,"386":2,"390":0,"394":0,"398":0,"402":0,"403":0,"405":0,"406":0,"407":0,"409":0,"411":0,"415":0,"416":0,"417":0,"418":0,"419":0,"421":0,"422":0,"424":0,"426":0,"433":0,"434":0,"435":0,"436":0,"437":0,"438":0,"439":0,"442":0,"443":0,"445":0,"446":0,"447":0,"448":0,"450":0,"452":0,"453":0,"454":0,"455":0,"457":0,"458":0,"460":0,"461":0,"465":0,"469":0,"470":0,"471":0,"472":0,"473":0,"474":0,"476":0,"480":0,"481":0,"482":0,"483":0,"487":0,"488":0,"489":0,"490":0,"494":0,"495":0,"496":0,"497":0,"501":0,"502":0,"503":0,"504":0},"path":"/home/sina/Workspace/InnToken/project/Governance/InnTokenGovernance/src/contracts/IGovernorINNImpl.sol","s":{"1":1,"2":17,"3":17,"4":17,"5":17,"6":17,"7":17,"8":17,"9":17,"10":17,"11":17,"12":17,"13":17,"14":0,"15":0,"16":0,"17":0,"18":1,"19":1,"20":1,"21":1,"22":0,"23":1,"24":1,"25":1,"26":1,"27":1,"28":1,"29":1,"30":1,"31":1,"32":1,"33":1,"34":1,"35":1,"36":1,"37":1,"38":1,"39":1,"40":1,"41":1,"42":1,"43":1,"44":1,"45":1,"46":1,"47":1,"48":1,"49":1,"50":1,"51":1,"52":1,"53":0,"54":0,"55":0,"56":0,"57":0,"58":0,"59":0,"60":0,"61":0,"62":0,"63":0,"64":0,"65":0,"66":0,"67":0,"68":0,"69":0,"70":0,"71":0,"72":0,"73":0,"74":0,"75":0,"76":0,"77":0,"78":0,"79":0,"80":0,"81":0,"82":0,"83":0,"84":0,"85":0,"86":0,"87":0,"88":0,"89":0,"90":0,"91":0,"92":0,"93":0,"94":0,"95":0,"96":0,"97":0,"98":0,"99":0,"100":0,"101":0,"102":0,"103":0,"104":0,"105":0,"106":0,"107":0,"108":0,"109":2,"110":2,"111":0,"112":0,"113":0,"114":0,"115":0,"116":0,"117":0,"118":0,"119":0,"120":0,"121":0,"122":0,"123":0,"124":0,"125":0,"126":0,"127":0,"128":0,"129":0,"130":0,"131":0,"132":0,"133":0,"134":0,"135":0,"136":0,"137":0,"138":0,"139":0,"140":0,"141":0,"142":0,"143":0,"144":0,"145":0,"146":0,"147":0,"148":0,"149":0,"150":0,"151":0,"152":0,"153":0,"154":0,"155":0,"156":0,"157":0,"158":0,"159":0,"160":0,"161":0,"162":0,"163":0,"164":0,"165":0,"166":0,"167":0,"168":0,"169":0,"170":0,"171":0,"172":0,"173":0,"174":0,"175":0,"176":0,"177":0,"178":0,"179":0,"180":0},"b":{"1":[1,0],"2":[0,0],"3":[1,0],"4":[1,0],"5":[1,0],"6":[1,0],"7":[0,1],"8":[1,0],"9":[1,0],"10":[1,0],"11":[1,0],"12":[0,0],"13":[0,0],"14":[0,0],"15":[0,0],"16":[0,0],"17":[0,0],"18":[0,0],"19":[0,0],"20":[0,0],"21":[0,0],"22":[0,0],"23":[0,0],"24":[0,0],"25":[0,0],"26":[0,0],"27":[0,0],"28":[0,0],"29":[0,0],"30":[0,0],"31":[0,0],"32":[0,0],"33":[0,0],"34":[0,0],"35":[0,0],"36":[0,0],"37":[0,0],"38":[0,0],"39":[0,0],"40":[0,0],"41":[0,0],"42":[0,0],"43":[0,0],"44":[0,0],"45":[0,0],"46":[0,0],"47":[0,0],"48":[0,0],"49":[0,0],"50":[0,0],"51":[0,0],"52":[0,0],"53":[0,0],"54":[0,0],"55":[0,0],"56":[0,0]},"f":{"1":1,"2":17,"3":0,"4":0,"5":1,"6":1,"7":1,"8":1,"9":0,"10":1,"11":1,"12":0,"13":0,"14":0,"15":0,"16":0,"17":0,"18":2,"19":2,"20":0,"21":0,"22":0,"23":0,"24":0,"25":0,"26":0,"27":0,"28":0,"29":0,"30":0},"fnMap":{"1":{"name":"onlyValidators","line":69,"loc":{"start":{"line":69,"column":4},"end":{"line":72,"column":4}}},"2":{"name":"initialize","line":89,"loc":{"start":{"line":81,"column":4},"end":{"line":103,"column":4}}},"3":{"name":"disableValidator","line":105,"loc":{"start":{"line":105,"column":4},"end":{"line":109,"column":4}}},"4":{"name":"isValidator","line":112,"loc":{"start":{"line":112,"column":4},"end":{"line":114,"column":4}}},"5":{"name":"hashProposal","line":116,"loc":{"start":{"line":116,"column":4},"end":{"line":125,"column":4}}},"6":{"name":"_getMessageHash","line":127,"loc":{"start":{"line":127,"column":4},"end":{"line":137,"column":4}}},"7":{"name":"_hashTypedDataV4","line":139,"loc":{"start":{"line":139,"column":5},"end":{"line":141,"column":4}}},"8":{"name":"_domainSeparatorV4","line":143,"loc":{"start":{"line":143,"column":5},"end":{"line":145,"column":4}}},"9":{"name":"_authorizeUpgrade","line":147,"loc":{"start":{"line":147,"column":4},"end":{"line":149,"column":4}}},"10":{"name":"propose","line":151,"loc":{"start":{"line":151,"column":4},"end":{"line":197,"column":4}}},"11":{"name":"_generateProposalCreationEvent","line":199,"loc":{"start":{"line":199,"column":4},"end":{"line":289,"column":4}}},"12":{"name":"castVote","line":299,"loc":{"start":{"line":295,"column":4},"end":{"line":301,"column":4}}},"13":{"name":"_castVote","line":309,"loc":{"start":{"line":309,"column":4},"end":{"line":333,"column":4}}},"14":{"name":"_quorumReached","line":335,"loc":{"start":{"line":335,"column":4},"end":{"line":338,"column":4}}},"15":{"name":"_fullQuorum","line":340,"loc":{"start":{"line":340,"column":4},"end":{"line":343,"column":4}}},"16":{"name":"state","line":349,"loc":{"start":{"line":349,"column":4},"end":{"line":366,"column":4}}},"17":{"name":"hasVoted","line":371,"loc":{"start":{"line":371,"column":4},"end":{"line":373,"column":4}}},"18":{"name":"name","line":378,"loc":{"start":{"line":378,"column":4},"end":{"line":380,"column":4}}},"19":{"name":"version","line":385,"loc":{"start":{"line":385,"column":4},"end":{"line":387,"column":4}}},"20":{"name":"setMigration","line":389,"loc":{"start":{"line":389,"column":4},"end":{"line":391,"column":4}}},"21":{"name":"setVotingDelay","line":393,"loc":{"start":{"line":393,"column":4},"end":{"line":395,"column":4}}},"22":{"name":"setVotingPeriod","line":397,"loc":{"start":{"line":397,"column":4},"end":{"line":399,"column":4}}},"23":{"name":"cancel","line":401,"loc":{"start":{"line":401,"column":4},"end":{"line":412,"column":4}}},"24":{"name":"execute","line":414,"loc":{"start":{"line":414,"column":4},"end":{"line":427,"column":4}}},"25":{"name":"_execute","line":432,"loc":{"start":{"line":432,"column":4},"end":{"line":466,"column":4}}},"26":{"name":"_sendRewards","line":468,"loc":{"start":{"line":468,"column":4},"end":{"line":477,"column":4}}},"27":{"name":"_transferToken","line":479,"loc":{"start":{"line":479,"column":4},"end":{"line":484,"column":4}}},"28":{"name":"_freezeAccount","line":486,"loc":{"start":{"line":486,"column":4},"end":{"line":491,"column":4}}},"29":{"name":"_unfreezeAccount","line":493,"loc":{"start":{"line":493,"column":4},"end":{"line":498,"column":4}}},"30":{"name":"_transferCommission","line":500,"loc":{"start":{"line":500,"column":4},"end":{"line":505,"column":4}}}},"statementMap":{"1":{"start":{"line":70,"column":8},"end":{"line":70,"column":94}},"2":{"start":{"line":90,"column":8},"end":{"line":90,"column":39}},"3":{"start":{"line":91,"column":8},"end":{"line":91,"column":35}},"4":{"start":{"line":92,"column":8},"end":{"line":92,"column":69}},"5":{"start":{"line":93,"column":8},"end":{"line":93,"column":25}},"6":{"start":{"line":94,"column":8},"end":{"line":94,"column":38}},"7":{"start":{"line":95,"column":8},"end":{"line":95,"column":30}},"8":{"start":{"line":96,"column":8},"end":{"line":96,"column":28}},"9":{"start":{"line":97,"column":8},"end":{"line":97,"column":31}},"10":{"start":{"line":98,"column":8},"end":{"line":98,"column":37}},"11":{"start":{"line":99,"column":8},"end":{"line":99,"column":32}},"12":{"start":{"line":101,"column":8},"end":{"line":101,"column":43}},"13":{"start":{"line":102,"column":8},"end":{"line":102,"column":44}},"14":{"start":{"line":106,"column":8},"end":{"line":106,"column":107}},"15":{"start":{"line":107,"column":8},"end":{"line":107,"column":47}},"16":{"start":{"line":108,"column":8},"end":{"line":108,"column":26}},"17":{"start":{"line":113,"column":8},"end":{"line":113,"column":42}},"18":{"start":{"line":124,"column":8},"end":{"line":124,"column":107}},"19":{"start":{"line":135,"column":8},"end":{"line":135,"column":4952}},"20":{"start":{"line":140,"column":8},"end":{"line":140,"column":81}},"21":{"start":{"line":144,"column":8},"end":{"line":144,"column":165}},"22":{"start":{"line":148,"column":8},"end":{"line":148,"column":45}},"23":{"start":{"line":152,"column":8},"end":{"line":152,"column":93}},"24":{"start":{"line":153,"column":8},"end":{"line":153,"column":87}},"25":{"start":{"line":154,"column":8},"end":{"line":154,"column":68}},"26":{"start":{"line":155,"column":8},"end":{"line":155,"column":67}},"27":{"start":{"line":157,"column":8},"end":{"line":157,"column":82}},"28":{"start":{"line":159,"column":8},"end":{"line":159,"column":151}},"29":{"start":{"line":160,"column":8},"end":{"line":160,"column":56}},"30":{"start":{"line":161,"column":8},"end":{"line":161,"column":121}},"31":{"start":{"line":163,"column":8},"end":{"line":163,"column":6494}},"32":{"start":{"line":167,"column":8},"end":{"line":167,"column":6628}},"33":{"start":{"line":181,"column":8},"end":{"line":181,"column":62}},"34":{"start":{"line":182,"column":8},"end":{"line":182,"column":39}},"35":{"start":{"line":183,"column":8},"end":{"line":183,"column":81}},"36":{"start":{"line":184,"column":8},"end":{"line":184,"column":80}},"37":{"start":{"line":185,"column":8},"end":{"line":185,"column":57}},"38":{"start":{"line":186,"column":8},"end":{"line":186,"column":53}},"39":{"start":{"line":187,"column":8},"end":{"line":187,"column":49}},"40":{"start":{"line":188,"column":8},"end":{"line":188,"column":47}},"41":{"start":{"line":189,"column":8},"end":{"line":189,"column":37}},"42":{"start":{"line":190,"column":8},"end":{"line":190,"column":51}},"43":{"start":{"line":191,"column":8},"end":{"line":191,"column":47}},"44":{"start":{"line":192,"column":8},"end":{"line":192,"column":35}},"45":{"start":{"line":194,"column":8},"end":{"line":194,"column":47}},"46":{"start":{"line":196,"column":8},"end":{"line":196,"column":25}},"47":{"start":{"line":200,"column":8},"end":{"line":200,"column":7872}},"48":{"start":{"line":201,"column":12},"end":{"line":201,"column":7943}},"49":{"start":{"line":202,"column":16},"end":{"line":202,"column":110}},"50":{"start":{"line":205,"column":16},"end":{"line":205,"column":103}},"51":{"start":{"line":206,"column":16},"end":{"line":206,"column":107}},"52":{"start":{"line":215,"column":16},"end":{"line":215,"column":8947}},"53":{"start":{"line":224,"column":15},"end":{"line":224,"column":9281}},"54":{"start":{"line":225,"column":12},"end":{"line":225,"column":9353}},"55":{"start":{"line":226,"column":16},"end":{"line":226,"column":111}},"56":{"start":{"line":228,"column":16},"end":{"line":228,"column":104}},"57":{"start":{"line":229,"column":16},"end":{"line":229,"column":95}},"58":{"start":{"line":230,"column":16},"end":{"line":230,"column":97}},"59":{"start":{"line":231,"column":16},"end":{"line":231,"column":96}},"60":{"start":{"line":233,"column":16},"end":{"line":233,"column":9938}},"61":{"start":{"line":243,"column":19},"end":{"line":243,"column":10358}},"62":{"start":{"line":244,"column":16},"end":{"line":244,"column":114}},"63":{"start":{"line":246,"column":16},"end":{"line":246,"column":105}},"64":{"start":{"line":247,"column":16},"end":{"line":247,"column":96}},"65":{"start":{"line":248,"column":16},"end":{"line":248,"column":98}},"66":{"start":{"line":249,"column":16},"end":{"line":249,"column":101}},"67":{"start":{"line":251,"column":16},"end":{"line":251,"column":10955}},"68":{"start":{"line":261,"column":19},"end":{"line":261,"column":11382}},"69":{"start":{"line":262,"column":16},"end":{"line":262,"column":120}},"70":{"start":{"line":264,"column":16},"end":{"line":264,"column":100}},"71":{"start":{"line":266,"column":16},"end":{"line":266,"column":11678}},"72":{"start":{"line":273,"column":19},"end":{"line":273,"column":11961}},"73":{"start":{"line":274,"column":16},"end":{"line":274,"column":126}},"74":{"start":{"line":276,"column":16},"end":{"line":276,"column":104}},"75":{"start":{"line":278,"column":16},"end":{"line":278,"column":12269}},"76":{"start":{"line":286,"column":15},"end":{"line":286,"column":12562}},"77":{"start":{"line":300,"column":8},"end":{"line":300,"column":64}},"78":{"start":{"line":315,"column":8},"end":{"line":315,"column":63}},"79":{"start":{"line":316,"column":8},"end":{"line":316,"column":98}},"80":{"start":{"line":318,"column":8},"end":{"line":318,"column":70}},"81":{"start":{"line":319,"column":8},"end":{"line":319,"column":85}},"82":{"start":{"line":321,"column":8},"end":{"line":321,"column":39}},"83":{"start":{"line":323,"column":8},"end":{"line":323,"column":13786}},"84":{"start":{"line":324,"column":12},"end":{"line":324,"column":41}},"85":{"start":{"line":325,"column":15},"end":{"line":325,"column":13877}},"86":{"start":{"line":326,"column":12},"end":{"line":326,"column":37}},"87":{"start":{"line":327,"column":15},"end":{"line":327,"column":13960}},"88":{"start":{"line":328,"column":12},"end":{"line":328,"column":41}},"89":{"start":{"line":331,"column":8},"end":{"line":331,"column":54}},"90":{"start":{"line":332,"column":8},"end":{"line":332,"column":19}},"91":{"start":{"line":336,"column":8},"end":{"line":336,"column":70}},"92":{"start":{"line":337,"column":8},"end":{"line":337,"column":62}},"93":{"start":{"line":341,"column":8},"end":{"line":341,"column":70}},"94":{"start":{"line":342,"column":8},"end":{"line":342,"column":112}},"95":{"start":{"line":350,"column":8},"end":{"line":350,"column":62}},"96":{"start":{"line":351,"column":8},"end":{"line":351,"column":65}},"97":{"start":{"line":353,"column":8},"end":{"line":353,"column":14940}},"98":{"start":{"line":354,"column":12},"end":{"line":354,"column":41}},"99":{"start":{"line":355,"column":15},"end":{"line":355,"column":15025}},"100":{"start":{"line":356,"column":12},"end":{"line":356,"column":41}},"101":{"start":{"line":357,"column":15},"end":{"line":357,"column":15110}},"102":{"start":{"line":358,"column":12},"end":{"line":358,"column":40}},"103":{"start":{"line":359,"column":15},"end":{"line":359,"column":15209}},"104":{"start":{"line":360,"column":12},"end":{"line":360,"column":39}},"105":{"start":{"line":361,"column":15},"end":{"line":361,"column":15333}},"106":{"start":{"line":362,"column":12},"end":{"line":362,"column":96}},"107":{"start":{"line":365,"column":8},"end":{"line":365,"column":33}},"108":{"start":{"line":372,"column":8},"end":{"line":372,"column":68}},"109":{"start":{"line":379,"column":8},"end":{"line":379,"column":26}},"110":{"start":{"line":386,"column":8},"end":{"line":386,"column":29}},"111":{"start":{"line":390,"column":8},"end":{"line":390,"column":37}},"112":{"start":{"line":394,"column":8},"end":{"line":394,"column":26}},"113":{"start":{"line":398,"column":8},"end":{"line":398,"column":28}},"114":{"start":{"line":402,"column":8},"end":{"line":402,"column":100}},"115":{"start":{"line":403,"column":8},"end":{"line":403,"column":48}},"116":{"start":{"line":405,"column":8},"end":{"line":405,"column":116}},"117":{"start":{"line":406,"column":8},"end":{"line":406,"column":87}},"118":{"start":{"line":407,"column":8},"end":{"line":407,"column":47}},"119":{"start":{"line":409,"column":8},"end":{"line":409,"column":49}},"120":{"start":{"line":411,"column":8},"end":{"line":411,"column":19}},"121":{"start":{"line":415,"column":8},"end":{"line":415,"column":48}},"122":{"start":{"line":416,"column":8},"end":{"line":416,"column":86}},"123":{"start":{"line":417,"column":8},"end":{"line":417,"column":62}},"124":{"start":{"line":418,"column":8},"end":{"line":418,"column":33}},"125":{"start":{"line":419,"column":8},"end":{"line":419,"column":29}},"126":{"start":{"line":421,"column":8},"end":{"line":421,"column":17554}},"127":{"start":{"line":422,"column":12},"end":{"line":422,"column":41}},"128":{"start":{"line":424,"column":8},"end":{"line":424,"column":56}},"129":{"start":{"line":424,"column":23},"end":{"line":424,"column":56}},"130":{"start":{"line":426,"column":8},"end":{"line":426,"column":24}},"131":{"start":{"line":433,"column":8},"end":{"line":433,"column":27}},"132":{"start":{"line":434,"column":8},"end":{"line":434,"column":17969}},"133":{"start":{"line":435,"column":12},"end":{"line":435,"column":18040}},"134":{"start":{"line":436,"column":16},"end":{"line":436,"column":108}},"135":{"start":{"line":437,"column":16},"end":{"line":437,"column":103}},"136":{"start":{"line":438,"column":16},"end":{"line":438,"column":34}},"137":{"start":{"line":439,"column":16},"end":{"line":439,"column":29}},"138":{"start":{"line":441,"column":15},"end":{"line":441,"column":18395}},"139":{"start":{"line":442,"column":12},"end":{"line":442,"column":18467}},"140":{"start":{"line":443,"column":16},"end":{"line":443,"column":111}},"141":{"start":{"line":445,"column":16},"end":{"line":445,"column":104}},"142":{"start":{"line":446,"column":16},"end":{"line":446,"column":108}},"143":{"start":{"line":447,"column":16},"end":{"line":447,"column":105}},"144":{"start":{"line":448,"column":16},"end":{"line":448,"column":97}},"145":{"start":{"line":449,"column":19},"end":{"line":449,"column":19071}},"146":{"start":{"line":450,"column":16},"end":{"line":450,"column":114}},"147":{"start":{"line":452,"column":16},"end":{"line":452,"column":108}},"148":{"start":{"line":453,"column":16},"end":{"line":453,"column":109}},"149":{"start":{"line":454,"column":16},"end":{"line":454,"column":106}},"150":{"start":{"line":455,"column":16},"end":{"line":455,"column":98}},"151":{"start":{"line":456,"column":19},"end":{"line":456,"column":19686}},"152":{"start":{"line":457,"column":16},"end":{"line":457,"column":120}},"153":{"start":{"line":458,"column":16},"end":{"line":458,"column":65}},"154":{"start":{"line":459,"column":19},"end":{"line":459,"column":19943}},"155":{"start":{"line":460,"column":16},"end":{"line":460,"column":126}},"156":{"start":{"line":461,"column":16},"end":{"line":461,"column":69}},"157":{"start":{"line":465,"column":8},"end":{"line":465,"column":22}},"158":{"start":{"line":469,"column":8},"end":{"line":469,"column":70}},"159":{"start":{"line":470,"column":8},"end":{"line":470,"column":60}},"160":{"start":{"line":471,"column":8},"end":{"line":471,"column":63}},"161":{"start":{"line":472,"column":8},"end":{"line":472,"column":20}},"162":{"start":{"line":473,"column":8},"end":{"line":473,"column":20566}},"163":{"start":{"line":474,"column":12},"end":{"line":474,"column":85}},"164":{"start":{"line":476,"column":8},"end":{"line":476,"column":22}},"165":{"start":{"line":480,"column":8},"end":{"line":480,"column":108}},"166":{"start":{"line":481,"column":8},"end":{"line":481,"column":66}},"167":{"start":{"line":482,"column":8},"end":{"line":482,"column":53}},"168":{"start":{"line":483,"column":8},"end":{"line":483,"column":22}},"169":{"start":{"line":487,"column":8},"end":{"line":487,"column":104}},"170":{"start":{"line":488,"column":8},"end":{"line":488,"column":75}},"171":{"start":{"line":489,"column":8},"end":{"line":489,"column":57}},"172":{"start":{"line":490,"column":8},"end":{"line":490,"column":22}},"173":{"start":{"line":494,"column":8},"end":{"line":494,"column":110}},"174":{"start":{"line":495,"column":8},"end":{"line":495,"column":77}},"175":{"start":{"line":496,"column":8},"end":{"line":496,"column":59}},"176":{"start":{"line":497,"column":8},"end":{"line":497,"column":22}},"177":{"start":{"line":501,"column":8},"end":{"line":501,"column":134}},"178":{"start":{"line":502,"column":8},"end":{"line":502,"column":90}},"179":{"start":{"line":503,"column":8},"end":{"line":503,"column":63}},"180":{"start":{"line":504,"column":8},"end":{"line":504,"column":22}}},"branchMap":{"1":{"line":70,"type":"if","locations":[{"start":{"line":70,"column":8},"end":{"line":70,"column":8}},{"start":{"line":70,"column":8},"end":{"line":70,"column":8}}]},"2":{"line":106,"type":"if","locations":[{"start":{"line":106,"column":8},"end":{"line":106,"column":8}},{"start":{"line":106,"column":8},"end":{"line":106,"column":8}}]},"3":{"line":152,"type":"if","locations":[{"start":{"line":152,"column":8},"end":{"line":152,"column":8}},{"start":{"line":152,"column":8},"end":{"line":152,"column":8}}]},"4":{"line":153,"type":"if","locations":[{"start":{"line":153,"column":8},"end":{"line":153,"column":8}},{"start":{"line":153,"column":8},"end":{"line":153,"column":8}}]},"5":{"line":154,"type":"if","locations":[{"start":{"line":154,"column":8},"end":{"line":154,"column":8}},{"start":{"line":154,"column":8},"end":{"line":154,"column":8}}]},"6":{"line":155,"type":"if","locations":[{"start":{"line":155,"column":8},"end":{"line":155,"column":8}},{"start":{"line":155,"column":8},"end":{"line":155,"column":8}}]},"7":{"line":163,"type":"if","locations":[{"start":{"line":163,"column":8},"end":{"line":163,"column":8}},{"start":{"line":163,"column":8},"end":{"line":163,"column":8}}]},"8":{"line":200,"type":"if","locations":[{"start":{"line":200,"column":8},"end":{"line":200,"column":8}},{"start":{"line":200,"column":8},"end":{"line":200,"column":8}}]},"9":{"line":201,"type":"if","locations":[{"start":{"line":201,"column":12},"end":{"line":201,"column":12}},{"start":{"line":201,"column":12},"end":{"line":201,"column":12}}]},"10":{"line":205,"type":"if","locations":[{"start":{"line":205,"column":16},"end":{"line":205,"column":16}},{"start":{"line":205,"column":16},"end":{"line":205,"column":16}}]},"11":{"line":206,"type":"if","locations":[{"start":{"line":206,"column":16},"end":{"line":206,"column":16}},{"start":{"line":206,"column":16},"end":{"line":206,"column":16}}]},"12":{"line":224,"type":"if","locations":[{"start":{"line":224,"column":15},"end":{"line":224,"column":15}},{"start":{"line":224,"column":15},"end":{"line":224,"column":15}}]},"13":{"line":225,"type":"if","locations":[{"start":{"line":225,"column":12},"end":{"line":225,"column":12}},{"start":{"line":225,"column":12},"end":{"line":225,"column":12}}]},"14":{"line":228,"type":"if","locations":[{"start":{"line":228,"column":16},"end":{"line":228,"column":16}},{"start":{"line":228,"column":16},"end":{"line":228,"column":16}}]},"15":{"line":229,"type":"if","locations":[{"start":{"line":229,"column":16},"end":{"line":229,"column":16}},{"start":{"line":229,"column":16},"end":{"line":229,"column":16}}]},"16":{"line":230,"type":"if","locations":[{"start":{"line":230,"column":16},"end":{"line":230,"column":16}},{"start":{"line":230,"column":16},"end":{"line":230,"column":16}}]},"17":{"line":231,"type":"if","locations":[{"start":{"line":231,"column":16},"end":{"line":231,"column":16}},{"start":{"line":231,"column":16},"end":{"line":231,"column":16}}]},"18":{"line":243,"type":"if","locations":[{"start":{"line":243,"column":19},"end":{"line":243,"column":19}},{"start":{"line":243,"column":19},"end":{"line":243,"column":19}}]},"19":{"line":246,"type":"if","locations":[{"start":{"line":246,"column":16},"end":{"line":246,"column":16}},{"start":{"line":246,"column":16},"end":{"line":246,"column":16}}]},"20":{"line":247,"type":"if","locations":[{"start":{"line":247,"column":16},"end":{"line":247,"column":16}},{"start":{"line":247,"column":16},"end":{"line":247,"column":16}}]},"21":{"line":248,"type":"if","locations":[{"start":{"line":248,"column":16},"end":{"line":248,"column":16}},{"start":{"line":248,"column":16},"end":{"line":248,"column":16}}]},"22":{"line":249,"type":"if","locations":[{"start":{"line":249,"column":16},"end":{"line":249,"column":16}},{"start":{"line":249,"column":16},"end":{"line":249,"column":16}}]},"23":{"line":261,"type":"if","locations":[{"start":{"line":261,"column":19},"end":{"line":261,"column":19}},{"start":{"line":261,"column":19},"end":{"line":261,"column":19}}]},"24":{"line":264,"type":"if","locations":[{"start":{"line":264,"column":16},"end":{"line":264,"column":16}},{"start":{"line":264,"column":16},"end":{"line":264,"column":16}}]},"25":{"line":273,"type":"if","locations":[{"start":{"line":273,"column":19},"end":{"line":273,"column":19}},{"start":{"line":273,"column":19},"end":{"line":273,"column":19}}]},"26":{"line":276,"type":"if","locations":[{"start":{"line":276,"column":16},"end":{"line":276,"column":16}},{"start":{"line":276,"column":16},"end":{"line":276,"column":16}}]},"27":{"line":286,"type":"if","locations":[{"start":{"line":286,"column":15},"end":{"line":286,"column":15}},{"start":{"line":286,"column":15},"end":{"line":286,"column":15}}]},"28":{"line":315,"type":"if","locations":[{"start":{"line":315,"column":8},"end":{"line":315,"column":8}},{"start":{"line":315,"column":8},"end":{"line":315,"column":8}}]},"29":{"line":316,"type":"if","locations":[{"start":{"line":316,"column":8},"end":{"line":316,"column":8}},{"start":{"line":316,"column":8},"end":{"line":316,"column":8}}]},"30":{"line":319,"type":"if","locations":[{"start":{"line":319,"column":8},"end":{"line":319,"column":8}},{"start":{"line":319,"column":8},"end":{"line":319,"column":8}}]},"31":{"line":323,"type":"if","locations":[{"start":{"line":323,"column":8},"end":{"line":323,"column":8}},{"start":{"line":323,"column":8},"end":{"line":323,"column":8}}]},"32":{"line":325,"type":"if","locations":[{"start":{"line":325,"column":15},"end":{"line":325,"column":15}},{"start":{"line":325,"column":15},"end":{"line":325,"column":15}}]},"33":{"line":327,"type":"if","locations":[{"start":{"line":327,"column":15},"end":{"line":327,"column":15}},{"start":{"line":327,"column":15},"end":{"line":327,"column":15}}]},"34":{"line":351,"type":"if","locations":[{"start":{"line":351,"column":8},"end":{"line":351,"column":8}},{"start":{"line":351,"column":8},"end":{"line":351,"column":8}}]},"35":{"line":353,"type":"if","locations":[{"start":{"line":353,"column":8},"end":{"line":353,"column":8}},{"start":{"line":353,"column":8},"end":{"line":353,"column":8}}]},"36":{"line":355,"type":"if","locations":[{"start":{"line":355,"column":15},"end":{"line":355,"column":15}},{"start":{"line":355,"column":15},"end":{"line":355,"column":15}}]},"37":{"line":357,"type":"if","locations":[{"start":{"line":357,"column":15},"end":{"line":357,"column":15}},{"start":{"line":357,"column":15},"end":{"line":357,"column":15}}]},"38":{"line":359,"type":"if","locations":[{"start":{"line":359,"column":15},"end":{"line":359,"column":15}},{"start":{"line":359,"column":15},"end":{"line":359,"column":15}}]},"39":{"line":361,"type":"if","locations":[{"start":{"line":361,"column":15},"end":{"line":361,"column":15}},{"start":{"line":361,"column":15},"end":{"line":361,"column":15}}]},"40":{"line":402,"type":"if","locations":[{"start":{"line":402,"column":8},"end":{"line":402,"column":8}},{"start":{"line":402,"column":8},"end":{"line":402,"column":8}}]},"41":{"line":405,"type":"if","locations":[{"start":{"line":405,"column":8},"end":{"line":405,"column":8}},{"start":{"line":405,"column":8},"end":{"line":405,"column":8}}]},"42":{"line":406,"type":"if","locations":[{"start":{"line":406,"column":8},"end":{"line":406,"column":8}},{"start":{"line":406,"column":8},"end":{"line":406,"column":8}}]},"43":{"line":416,"type":"if","locations":[{"start":{"line":416,"column":8},"end":{"line":416,"column":8}},{"start":{"line":416,"column":8},"end":{"line":416,"column":8}}]},"44":{"line":421,"type":"if","locations":[{"start":{"line":421,"column":8},"end":{"line":421,"column":8}},{"start":{"line":421,"column":8},"end":{"line":421,"column":8}}]},"45":{"line":424,"type":"if","locations":[{"start":{"line":424,"column":8},"end":{"line":424,"column":8}},{"start":{"line":424,"column":8},"end":{"line":424,"column":8}}]},"46":{"line":434,"type":"if","locations":[{"start":{"line":434,"column":8},"end":{"line":434,"column":8}},{"start":{"line":434,"column":8},"end":{"line":434,"column":8}}]},"47":{"line":435,"type":"if","locations":[{"start":{"line":435,"column":12},"end":{"line":435,"column":12}},{"start":{"line":435,"column":12},"end":{"line":435,"column":12}}]},"48":{"line":441,"type":"if","locations":[{"start":{"line":441,"column":15},"end":{"line":441,"column":15}},{"start":{"line":441,"column":15},"end":{"line":441,"column":15}}]},"49":{"line":442,"type":"if","locations":[{"start":{"line":442,"column":12},"end":{"line":442,"column":12}},{"start":{"line":442,"column":12},"end":{"line":442,"column":12}}]},"50":{"line":449,"type":"if","locations":[{"start":{"line":449,"column":19},"end":{"line":449,"column":19}},{"start":{"line":449,"column":19},"end":{"line":449,"column":19}}]},"51":{"line":456,"type":"if","locations":[{"start":{"line":456,"column":19},"end":{"line":456,"column":19}},{"start":{"line":456,"column":19},"end":{"line":456,"column":19}}]},"52":{"line":459,"type":"if","locations":[{"start":{"line":459,"column":19},"end":{"line":459,"column":19}},{"start":{"line":459,"column":19},"end":{"line":459,"column":19}}]},"53":{"line":482,"type":"if","locations":[{"start":{"line":482,"column":8},"end":{"line":482,"column":8}},{"start":{"line":482,"column":8},"end":{"line":482,"column":8}}]},"54":{"line":489,"type":"if","locations":[{"start":{"line":489,"column":8},"end":{"line":489,"column":8}},{"start":{"line":489,"column":8},"end":{"line":489,"column":8}}]},"55":{"line":496,"type":"if","locations":[{"start":{"line":496,"column":8},"end":{"line":496,"column":8}},{"start":{"line":496,"column":8},"end":{"line":496,"column":8}}]},"56":{"line":503,"type":"if","locations":[{"start":{"line":503,"column":8},"end":{"line":503,"column":8}},{"start":{"line":503,"column":8},"end":{"line":503,"column":8}}]}}},"src/contracts/test/ERC20Test.sol":{"l":{"8":0},"path":"/home/sina/Workspace/InnToken/project/Governance/InnTokenGovernance/src/contracts/test/ERC20Test.sol","s":{"1":0},"b":{},"f":{"1":0},"fnMap":{"1":{"name":"constructor","line":7,"loc":{"start":{"line":7,"column":4},"end":{"line":9,"column":4}}}},"statementMap":{"1":{"start":{"line":8,"column":8},"end":{"line":8,"column":34}}},"branchMap":{}}}